Run by AMM on 16 Sep 2016 16:14:05





================================================================================
 Overall summary
================================================================================
Recall order is  Typewriter Mykrobe Genefinder

   ValueAll |      Freq.     Percent        Cum.
------------+-----------------------------------
        AAA |    104,466       89.12       89.12
        PPP |     11,251        9.60       98.72
        APA |        956        0.82       99.54
        APP |        274        0.23       99.77
        PPA |        165        0.14       99.91
        PAP |         94        0.08       99.99
        AAP |          7        0.01      100.00
       AANA |          2        0.00      100.00
------------+-----------------------------------
      Total |    117,215      100.00
115717 out of 117215 predictions are identical between all three methods

   ValueAll |      Freq.     Percent        Cum.
------------+-----------------------------------
        AAA |     60,405       95.22       95.22
        PPP |      2,772        4.37       99.59
        APA |        117        0.18       99.78
        PPA |         81        0.13       99.91
        APP |         40        0.06       99.97
        PAP |         13        0.02       99.99
        AAP |          6        0.01      100.00
------------+-----------------------------------
      Total |     63,434      100.00
63177 out of 63434 predictions are identical between all three methods on aquired resistance prediction

   ValueAll |      Freq.     Percent        Cum.
------------+-----------------------------------
        AAA |      7,469       90.27       90.27
        PPP |        679        8.21       98.48
        PAP |         81        0.98       99.46
        APA |         39        0.47       99.93
       AANA |          2        0.02       99.95
        APP |          2        0.02       99.98
        AAP |          1        0.01       99.99
        PPA |          1        0.01      100.00
------------+-----------------------------------
      Total |      8,274      100.00
8148 out of 8274 predictions are identical between all three methods on chromosonal resistance prediction

   ValueAll |      Freq.     Percent        Cum.
------------+-----------------------------------
        AAA |      5,897       85.53       85.53
        PPP |        744       10.79       96.32
        APA |        180        2.61       98.93
        PPA |         38        0.55       99.48
        APP |         36        0.52      100.00
------------+-----------------------------------
      Total |      6,895      100.00
6641 out of 6895 predictions are identical between all three methods on ccr prediction

   ValueAll |      Freq.     Percent        Cum.
------------+-----------------------------------
        AAA |     30,695       79.50       79.50
        PPP |      7,056       18.27       97.77
        APA |        620        1.61       99.38
        APP |        196        0.51       99.88
        PPA |         45        0.12      100.00
------------+-----------------------------------
      Total |     38,612      100.00
37751 out of 38612 predictions are identical between all three methods on virulence prediction

   ValueAll |      Freq.     Percent        Cum.
------------+-----------------------------------
        AAA |     67,874       94.65       94.65
        PPP |      3,451        4.81       99.47
        APA |        156        0.22       99.68
        PAP |         94        0.13       99.81
        PPA |         82        0.11       99.93
        APP |         42        0.06       99.99
        AAP |          7        0.01      100.00
       AANA |          2        0.00      100.00
------------+-----------------------------------
      Total |     71,708      100.00
71325 out of 71708 predictions are identical between all three methods on antibiotic prediction
. ******************************************************

. 
. noi di _n(5) _dup(80) "=" _n "Site by site predictions" _n _dup(80) "="





================================================================================
Site by site predictions
================================================================================

. 
. **************************

. noi di tab type ValueAll, m 
tab not found
r(111);

. noi tab type ValueAll, m

                      |                                        ValueAll
                 type |       AAA       AANA        AAP        APA        APP        PAP        PPA        PPP |     Total
----------------------+----------------------------------------------------------------------------------------+----------
   Aquired Resistance |    60,405          0          6        117         40         13         81      2,772 |    63,434 
Chromosomal Resista.. |     7,469          2          1         39          2         81          1        679 |     8,274 
                  ccr |     5,897          0          0        180         36          0         38        744 |     6,895 
            virulence |    30,695          0          0        620        196          0         45      7,056 |    38,612 
----------------------+----------------------------------------------------------------------------------------+----------
                Total |   104,466          2          7        956        274         94        165     11,251 |   117,215 


. noi tab site ValueAll, m

               |                                        ValueAll
          site |       AAA       AANA        AAP        APA        APP        PAP        PPA        PPP |     Total
---------------+----------------------------------------------------------------------------------------+----------
      aac6aph2 |     1,299          0          0          3          1          0          0         76 |     1,379 
    aaddaph4ia |     1,286          0          0          7          0          0          0         86 |     1,379 
    aadeant6ia |     1,356          0          0          0          2          0          0         21 |     1,379 
        ant9ia |     1,228          0          0          3          3          5          0        140 |     1,379 
        ant9ib |     1,379          0          0          0          0          0          0          0 |     1,379 
        aph2ic |     1,379          0          0          0          0          0          0          0 |     1,379 
  apha3aph3iii |     1,326          0          0          1          1          0          0         51 |     1,379 
          arca |     1,372          0          0          1          0          0          0          6 |     1,379 
          arcb |     1,369          0          0          4          0          0          6          0 |     1,379 
          arcc |     1,372          0          0          1          0          0          6          0 |     1,379 
          arcd |     1,372          0          0          1          0          0          6          0 |     1,379 
          blaz |       230          0          0         11          7          1          1      1,129 |     1,379 
           cat |     1,379          0          0          0          0          0          0          0 |     1,379 
          ccra |       972          0          0         39          3          0          0        365 |     1,379 
          ccrb |       946          0          0         65         31          0          1        336 |     1,379 
         ccrca |     1,326          0          0         20          1          0          9         23 |     1,379 
         ccrcb |     1,326          0          0         29          0          0         22          2 |     1,379 
         ccrcc |     1,327          0          0         27          1          0          6         18 |     1,379 
           cfr |     1,375          0          0          1          1          0          0          2 |     1,379 
           chp |       394          0          0         56         46          0          0        883 |     1,379 
          dfra |     1,340          0          0          4          0          0          1         34 |     1,379 
          dfrb |     1,294          0          0          3          0          0          0         82 |     1,379 
          dfrc |     1,339          0          0          2          3          0         34          1 |     1,379 
          dfrd |     1,379          0          0          0          0          0          0          0 |     1,379 
          dfrg |     1,325          0          0          1          0          0          0         53 |     1,379 
          dfrk |     1,373          0          0          0          0          5          0          1 |     1,379 
          erma |     1,222          0          0          8          5          0          0        144 |     1,379 
          ermb |     1,375          0          0          1          0          0          0          3 |     1,379 
          ermc |     1,181          0          0         20          2          0          0        176 |     1,379 
          ermt |     1,359          0          0          0          0          0          0         20 |     1,379 
          ermy |     1,379          0          0          0          0          0          0          0 |     1,379 
           eta |     1,329          0          0         10          0          0          0         40 |     1,379 
           etb |     1,365          0          0          8          1          0          0          5 |     1,379 
           etd |     1,313          0          0          8          1          0          0         57 |     1,379 
          fusa |     1,300          0          0         20          2          0          0         57 |     1,379 
          fusb |     1,352          0          0          5          0          0          0         22 |     1,379 
          fusc |     1,300          0          0          3          2          0          0         74 |     1,379 
          grla |     1,069          0          1          3          0          4          0        302 |     1,379 
          gyra |     1,080          1          0          6          0         77          1        214 |     1,379 
          iles |     1,378          1          0          0          0          0          0          0 |     1,379 
          isab |     1,379          0          0          0          0          0          0          0 |     1,379 
          lnua |     1,364          0          6          0          0          0          0          9 |     1,379 
          lnub |     1,377          0          0          1          0          0          0          1 |     1,379 
          lukm |     1,367          0          0          3          0          0          0          9 |     1,379 
         lukmf |     1,366          0          0          4          0          0          6          3 |     1,379 
        lukpvf |     1,254          0          0         14          0          0          0        111 |     1,379 
        lukpvs |     1,255          0          0         14          1          0          0        109 |     1,379 
          meca |       991          0          0          9          2          0          0        377 |     1,379 
          mecc |     1,362          0          0          0          0          0          0         17 |     1,379 
          mphc |     1,361          0          0          1          0          0          0         17 |     1,379 
          msra |     1,361          0          0          0          0          0          0         18 |     1,379 
          mupa |     1,362          0          0          0          2          0          0         15 |     1,379 
          mupb |     1,379          0          0          0          0          0          0          0 |     1,379 
          qaca |     1,331          0          0          3          1          0          0         44 |     1,379 
          qacb |     1,331          0          0          4          0          0         44          0 |     1,379 
       qaccsmr |     1,315          0          0         11          2          0          1         50 |     1,379 
          rpob |     1,348          0          0          7          0          0          0         24 |     1,379 
           sak |       246          0          0         63          5          0          0      1,065 |     1,379 
          sasx |     1,361          0          0          4          0          0         14          0 |     1,379 
          sat4 |     1,325          0          0          4          1          0          0         49 |     1,379 
           scn |       132          0          0         15         15          0          0      1,217 |     1,379 
           sea |     1,032          0          0         49          3          0          0        295 |     1,379 
           seb |     1,254          0          0         14          2          0          0        109 |     1,379 
           sec |     1,122          0          0         28          4          0          0        225 |     1,379 
           sed |     1,287          0          0         26          0          0          0         66 |     1,379 
           see |     1,370          0          0          5          0          0          0          4 |     1,379 
           seg |       548          0          0         58         20          0          0        753 |     1,379 
           seh |     1,207          0          0         36          2          0          0        134 |     1,379 
           sei |       557          0          0         42         33          0          6        741 |     1,379 
           sej |     1,282          0          0         28          0          0          0         69 |     1,379 
          selr |     1,285          0          0         27          0          0          0         67 |     1,379 
           sep |     1,236          0          0         32          2          0          1        108 |     1,379 
           seu |       567          0          0         30         57          0          0        725 |     1,379 
           str |     1,375          0          0          0          0          0          0          4 |     1,379 
          tetk |     1,264          0          0         12          4          0          0         99 |     1,379 
          tetl |     1,376          0          0          1          0          0          0          2 |     1,379 
          tetm |     1,339          0          0          1          1          2          0         36 |     1,379 
          teto |     1,379          0          0          0          0          0          0          0 |     1,379 
         tsst1 |     1,081          0          0         39          4          0          0        255 |     1,379 
          vana |     1,379          0          0          0          0          0          0          0 |     1,379 
          vanb |     1,379          0          0          0          0          0          0          0 |     1,379 
          vanc |     1,379          0          0          0          0          0          0          0 |     1,379 
          vgaa |     1,378          0          0          0          0          0          0          1 |     1,379 
          vgab |     1,379          0          0          0          0          0          0          0 |     1,379 
          vgba |     1,379          0          0          0          0          0          0          0 |     1,379 
---------------+----------------------------------------------------------------------------------------+----------
         Total |   104,466          2          7        956        274         94        165     11,251 |   117,215 


. bysort type: noi tab site ValueAll, m
noisily may not be combined with by
r(190);

. noi bysort type: tab site ValueAll, m

-------------------------------------------------------------------------------------------------------------------------------------------------------------------------------
-> type = Aquired Resistance

               |                                   ValueAll
          site |       AAA        AAP        APA        APP        PAP        PPA        PPP |     Total
---------------+-----------------------------------------------------------------------------+----------
      aac6aph2 |     1,299          0          3          1          0          0         76 |     1,379 
    aaddaph4ia |     1,286          0          7          0          0          0         86 |     1,379 
    aadeant6ia |     1,356          0          0          2          0          0         21 |     1,379 
        ant9ia |     1,228          0          3          3          5          0        140 |     1,379 
        ant9ib |     1,379          0          0          0          0          0          0 |     1,379 
        aph2ic |     1,379          0          0          0          0          0          0 |     1,379 
  apha3aph3iii |     1,326          0          1          1          0          0         51 |     1,379 
          blaz |       230          0         11          7          1          1      1,129 |     1,379 
           cat |     1,379          0          0          0          0          0          0 |     1,379 
           cfr |     1,375          0          1          1          0          0          2 |     1,379 
          dfra |     1,340          0          4          0          0          1         34 |     1,379 
          dfrc |     1,339          0          2          3          0         34          1 |     1,379 
          dfrd |     1,379          0          0          0          0          0          0 |     1,379 
          dfrg |     1,325          0          1          0          0          0         53 |     1,379 
          dfrk |     1,373          0          0          0          5          0          1 |     1,379 
          erma |     1,222          0          8          5          0          0        144 |     1,379 
          ermb |     1,375          0          1          0          0          0          3 |     1,379 
          ermc |     1,181          0         20          2          0          0        176 |     1,379 
          ermt |     1,359          0          0          0          0          0         20 |     1,379 
          ermy |     1,379          0          0          0          0          0          0 |     1,379 
          fusb |     1,352          0          5          0          0          0         22 |     1,379 
          fusc |     1,300          0          3          2          0          0         74 |     1,379 
          isab |     1,379          0          0          0          0          0          0 |     1,379 
          lnua |     1,364          6          0          0          0          0          9 |     1,379 
          lnub |     1,377          0          1          0          0          0          1 |     1,379 
          meca |       991          0          9          2          0          0        377 |     1,379 
          mecc |     1,362          0          0          0          0          0         17 |     1,379 
          mphc |     1,361          0          1          0          0          0         17 |     1,379 
          msra |     1,361          0          0          0          0          0         18 |     1,379 
          mupa |     1,362          0          0          2          0          0         15 |     1,379 
          mupb |     1,379          0          0          0          0          0          0 |     1,379 
          qaca |     1,331          0          3          1          0          0         44 |     1,379 
          qacb |     1,331          0          4          0          0         44          0 |     1,379 
       qaccsmr |     1,315          0         11          2          0          1         50 |     1,379 
          sat4 |     1,325          0          4          1          0          0         49 |     1,379 
           str |     1,375          0          0          0          0          0          4 |     1,379 
          tetk |     1,264          0         12          4          0          0         99 |     1,379 
          tetl |     1,376          0          1          0          0          0          2 |     1,379 
          tetm |     1,339          0          1          1          2          0         36 |     1,379 
          teto |     1,379          0          0          0          0          0          0 |     1,379 
          vana |     1,379          0          0          0          0          0          0 |     1,379 
          vanb |     1,379          0          0          0          0          0          0 |     1,379 
          vanc |     1,379          0          0          0          0          0          0 |     1,379 
          vgaa |     1,378          0          0          0          0          0          1 |     1,379 
          vgab |     1,379          0          0          0          0          0          0 |     1,379 
          vgba |     1,379          0          0          0          0          0          0 |     1,379 
---------------+-----------------------------------------------------------------------------+----------
         Total |    60,405          6        117         40         13         81      2,772 |    63,434 


-------------------------------------------------------------------------------------------------------------------------------------------------------------------------------
-> type = Chromosomal Resistance

               |                                        ValueAll
          site |       AAA       AANA        AAP        APA        APP        PAP        PPA        PPP |     Total
---------------+----------------------------------------------------------------------------------------+----------
          dfrb |     1,294          0          0          3          0          0          0         82 |     1,379 
          fusa |     1,300          0          0         20          2          0          0         57 |     1,379 
          grla |     1,069          0          1          3          0          4          0        302 |     1,379 
          gyra |     1,080          1          0          6          0         77          1        214 |     1,379 
          iles |     1,378          1          0          0          0          0          0          0 |     1,379 
          rpob |     1,348          0          0          7          0          0          0         24 |     1,379 
---------------+----------------------------------------------------------------------------------------+----------
         Total |     7,469          2          1         39          2         81          1        679 |     8,274 


-------------------------------------------------------------------------------------------------------------------------------------------------------------------------------
-> type = ccr

               |                        ValueAll
          site |       AAA        APA        APP        PPA        PPP |     Total
---------------+-------------------------------------------------------+----------
          ccra |       972         39          3          0        365 |     1,379 
          ccrb |       946         65         31          1        336 |     1,379 
         ccrca |     1,326         20          1          9         23 |     1,379 
         ccrcb |     1,326         29          0         22          2 |     1,379 
         ccrcc |     1,327         27          1          6         18 |     1,379 
---------------+-------------------------------------------------------+----------
         Total |     5,897        180         36         38        744 |     6,895 


-------------------------------------------------------------------------------------------------------------------------------------------------------------------------------
-> type = virulence

               |                        ValueAll
          site |       AAA        APA        APP        PPA        PPP |     Total
---------------+-------------------------------------------------------+----------
          arca |     1,372          1          0          0          6 |     1,379 
          arcb |     1,369          4          0          6          0 |     1,379 
          arcc |     1,372          1          0          6          0 |     1,379 
          arcd |     1,372          1          0          6          0 |     1,379 
           chp |       394         56         46          0        883 |     1,379 
           eta |     1,329         10          0          0         40 |     1,379 
           etb |     1,365          8          1          0          5 |     1,379 
           etd |     1,313          8          1          0         57 |     1,379 
          lukm |     1,367          3          0          0          9 |     1,379 
         lukmf |     1,366          4          0          6          3 |     1,379 
        lukpvf |     1,254         14          0          0        111 |     1,379 
        lukpvs |     1,255         14          1          0        109 |     1,379 
           sak |       246         63          5          0      1,065 |     1,379 
          sasx |     1,361          4          0         14          0 |     1,379 
           scn |       132         15         15          0      1,217 |     1,379 
           sea |     1,032         49          3          0        295 |     1,379 
           seb |     1,254         14          2          0        109 |     1,379 
           sec |     1,122         28          4          0        225 |     1,379 
           sed |     1,287         26          0          0         66 |     1,379 
           see |     1,370          5          0          0          4 |     1,379 
           seg |       548         58         20          0        753 |     1,379 
           seh |     1,207         36          2          0        134 |     1,379 
           sei |       557         42         33          6        741 |     1,379 
           sej |     1,282         28          0          0         69 |     1,379 
          selr |     1,285         27          0          0         67 |     1,379 
           sep |     1,236         32          2          1        108 |     1,379 
           seu |       567         30         57          0        725 |     1,379 
         tsst1 |     1,081         39          4          0        255 |     1,379 
---------------+-------------------------------------------------------+----------
         Total |    30,695        620        196         45      7,056 |    38,612 



. tab site type

               |                    type
          site | Aquired..  Chromos..        ccr  virulence |     Total
---------------+--------------------------------------------+----------
      aac6aph2 |     1,379          0          0          0 |     1,379 
    aaddaph4ia |     1,379          0          0          0 |     1,379 
    aadeant6ia |     1,379          0          0          0 |     1,379 
        ant9ia |     1,379          0          0          0 |     1,379 
        ant9ib |     1,379          0          0          0 |     1,379 
        aph2ic |     1,379          0          0          0 |     1,379 
  apha3aph3iii |     1,379          0          0          0 |     1,379 
          arca |         0          0          0      1,379 |     1,379 
          arcb |         0          0          0      1,379 |     1,379 
          arcc |         0          0          0      1,379 |     1,379 
          arcd |         0          0          0      1,379 |     1,379 
          blaz |     1,379          0          0          0 |     1,379 
           cat |     1,379          0          0          0 |     1,379 
          ccra |         0          0      1,379          0 |     1,379 
          ccrb |         0          0      1,379          0 |     1,379 
         ccrca |         0          0      1,379          0 |     1,379 
         ccrcb |         0          0      1,379          0 |     1,379 
         ccrcc |         0          0      1,379          0 |     1,379 
           cfr |     1,379          0          0          0 |     1,379 
           chp |         0          0          0      1,379 |     1,379 
          dfra |     1,379          0          0          0 |     1,379 
          dfrb |         0      1,379          0          0 |     1,379 
          dfrc |     1,379          0          0          0 |     1,379 
          dfrd |     1,379          0          0          0 |     1,379 
          dfrg |     1,379          0          0          0 |     1,379 
          dfrk |     1,379          0          0          0 |     1,379 
          erma |     1,379          0          0          0 |     1,379 
          ermb |     1,379          0          0          0 |     1,379 
          ermc |     1,379          0          0          0 |     1,379 
          ermt |     1,379          0          0          0 |     1,379 
          ermy |     1,379          0          0          0 |     1,379 
           eta |         0          0          0      1,379 |     1,379 
           etb |         0          0          0      1,379 |     1,379 
           etd |         0          0          0      1,379 |     1,379 
          fusa |         0      1,379          0          0 |     1,379 
          fusb |     1,379          0          0          0 |     1,379 
          fusc |     1,379          0          0          0 |     1,379 
          grla |         0      1,379          0          0 |     1,379 
          gyra |         0      1,379          0          0 |     1,379 
          iles |         0      1,379          0          0 |     1,379 
          isab |     1,379          0          0          0 |     1,379 
          lnua |     1,379          0          0          0 |     1,379 
          lnub |     1,379          0          0          0 |     1,379 
          lukm |         0          0          0      1,379 |     1,379 
         lukmf |         0          0          0      1,379 |     1,379 
        lukpvf |         0          0          0      1,379 |     1,379 
        lukpvs |         0          0          0      1,379 |     1,379 
          meca |     1,379          0          0          0 |     1,379 
          mecc |     1,379          0          0          0 |     1,379 
          mphc |     1,379          0          0          0 |     1,379 
          msra |     1,379          0          0          0 |     1,379 
          mupa |     1,379          0          0          0 |     1,379 
          mupb |     1,379          0          0          0 |     1,379 
          qaca |     1,379          0          0          0 |     1,379 
          qacb |     1,379          0          0          0 |     1,379 
       qaccsmr |     1,379          0          0          0 |     1,379 
          rpob |         0      1,379          0          0 |     1,379 
           sak |         0          0          0      1,379 |     1,379 
          sasx |         0          0          0      1,379 |     1,379 
          sat4 |     1,379          0          0          0 |     1,379 
           scn |         0          0          0      1,379 |     1,379 
           sea |         0          0          0      1,379 |     1,379 
           seb |         0          0          0      1,379 |     1,379 
           sec |         0          0          0      1,379 |     1,379 
           sed |         0          0          0      1,379 |     1,379 
           see |         0          0          0      1,379 |     1,379 
           seg |         0          0          0      1,379 |     1,379 
           seh |         0          0          0      1,379 |     1,379 
           sei |         0          0          0      1,379 |     1,379 
           sej |         0          0          0      1,379 |     1,379 
          selr |         0          0          0      1,379 |     1,379 
           sep |         0          0          0      1,379 |     1,379 
           seu |         0          0          0      1,379 |     1,379 
           str |     1,379          0          0          0 |     1,379 
          tetk |     1,379          0          0          0 |     1,379 
          tetl |     1,379          0          0          0 |     1,379 
          tetm |     1,379          0          0          0 |     1,379 
          teto |     1,379          0          0          0 |     1,379 
         tsst1 |         0          0          0      1,379 |     1,379 
          vana |     1,379          0          0          0 |     1,379 
          vanb |     1,379          0          0          0 |     1,379 
          vanc |     1,379          0          0          0 |     1,379 
          vgaa |     1,379          0          0          0 |     1,379 
          vgab |     1,379          0          0          0 |     1,379 
          vgba |     1,379          0          0          0 |     1,379 
---------------+--------------------------------------------+----------
         Total |    63,434      8,274      6,895     38,612 |   117,215 


. exit, clear
