. use pipeline_clean_all_values_wide, clear

. keep if site=="grla"
(115,836 observations deleted)

. tab ValueA

   ValueAll |      Freq.     Percent        Cum.
------------+-----------------------------------
        AAA |        973       70.56       70.56
        APA |         99        7.18       77.74
        APP |          1        0.07       77.81
        PAP |          6        0.44       78.25
        PPP |        300       21.75      100.00
------------+-----------------------------------
      Total |      1,379      100.00

. list if ValueA=="APA"

      +---------------------------------------------------------------------------------------------------------------+
      |               sample   site   valueg~r   valuet~r   valuezam          set                     type   ValueAll |
      |---------------------------------------------------------------------------------------------------------------|
   6. |     H111940137-460-2   grla          A          A          P   Collindale   Chromosomal Resistance        APA |
   8. |            C00012750   grla          A          A          P    Oxford491   Chromosomal Resistance        APA |
  19. |     H131320234-411-2   grla          A          A          P   Collindale   Chromosomal Resistance        APA |
  41. |            C00003415   grla          A          A          P    Oxford501   Chromosomal Resistance        APA |
  45. |            C00013227   grla          A          A          P    Oxford491   Chromosomal Resistance        APA |
      |---------------------------------------------------------------------------------------------------------------|
  71. |            C00003239   grla          A          A          P    Oxford501   Chromosomal Resistance        APA |
  81. |            C00003136   grla          A          A          P    Oxford501   Chromosomal Resistance        APA |
  85. |            C00013201   grla          A          A          P    Oxford491   Chromosomal Resistance        APA |
 127. |            C00013317   grla          A          A          P    Oxford491   Chromosomal Resistance        APA |
 138. |            C00003368   grla          A          A          P    Oxford501   Chromosomal Resistance        APA |
      |---------------------------------------------------------------------------------------------------------------|
 152. |            C00003353   grla          A          A          P    Oxford501   Chromosomal Resistance        APA |
 167. |            C00012821   grla          A          A          P    Oxford491   Chromosomal Resistance        APA |
 173. |            C00003377   grla          A          A          P    Oxford501   Chromosomal Resistance        APA |
 179. |            C00012820   grla          A          A          P    Oxford491   Chromosomal Resistance        APA |
 183. |            C00001132   grla          A          A          P    Oxford491   Chromosomal Resistance        APA |
      |---------------------------------------------------------------------------------------------------------------|
 200. |            C00003363   grla          A          A          P    Oxford501   Chromosomal Resistance        APA |
 206. |            C00012835   grla          A          A          P    Oxford491   Chromosomal Resistance        APA |
 207. |            C00003210   grla          A          A          P    Oxford501   Chromosomal Resistance        APA |
 222. |            C00013363   grla          A          A          P    Oxford491   Chromosomal Resistance        APA |
 230. |            C00003294   grla          A          A          P    Oxford501   Chromosomal Resistance        APA |
      |---------------------------------------------------------------------------------------------------------------|
 256. |            C00012825   grla          A          A          P    Oxford491   Chromosomal Resistance        APA |
 257. |            C00013318   grla          A          A          P    Oxford491   Chromosomal Resistance        APA |
 297. |            C00003156   grla          A          A          P    Oxford501   Chromosomal Resistance        APA |
 306. |            C00003367   grla          A          A          P    Oxford501   Chromosomal Resistance        APA |
 318. |            C00013215   grla          A          A          P    Oxford491   Chromosomal Resistance        APA |
      |---------------------------------------------------------------------------------------------------------------|
 320. |            C00003180   grla          A          A          P    Oxford501   Chromosomal Resistance        APA |
 327. |            C00013383   grla          A          A          P    Oxford491   Chromosomal Resistance        APA |
 335. |            C00003112   grla          A          A          P    Oxford501   Chromosomal Resistance        APA |
 338. |            C00007081   grla          A          A          P    Oxford501   Chromosomal Resistance        APA |
 340. |            C00013382   grla          A          A          P    Oxford491   Chromosomal Resistance        APA |
      |---------------------------------------------------------------------------------------------------------------|
 361. |            C00013226   grla          A          A          P    Oxford491   Chromosomal Resistance        APA |
 371. |            C00003389   grla          A          A          P    Oxford501   Chromosomal Resistance        APA |
 378. |     RH12000373-433-2   grla          A          A          P   Collindale   Chromosomal Resistance        APA |
 404. |            C00001143   grla          A          A          P    Oxford491   Chromosomal Resistance        APA |
 415. |            C00003134   grla          A          A          P    Oxford501   Chromosomal Resistance        APA |
      |---------------------------------------------------------------------------------------------------------------|
 416. |            C00013221   grla          A          A          P    Oxford491   Chromosomal Resistance        APA |
 423. |            C00001097   grla          A          A          P    Oxford491   Chromosomal Resistance        APA |
 444. |     H125280642-841-2   grla          A          A          P   Collindale   Chromosomal Resistance        APA |
 449. |            C00003282   grla          A          A          P    Oxford501   Chromosomal Resistance        APA |
 454. |            C00003352   grla          A          A          P    Oxford501   Chromosomal Resistance        APA |
      |---------------------------------------------------------------------------------------------------------------|
 486. |            C00003312   grla          A          A          P    Oxford501   Chromosomal Resistance        APA |
 505. |            C00013405   grla          A          A          P    Oxford491   Chromosomal Resistance        APA |
 533. |            C00003412   grla          A          A          P    Oxford501   Chromosomal Resistance        APA |
 536. |            C00013354   grla          A          A          P    Oxford491   Chromosomal Resistance        APA |
 556. |            C00003304   grla          A          A          P    Oxford501   Chromosomal Resistance        APA |
      |---------------------------------------------------------------------------------------------------------------|
 557. |            C00003328   grla          A          A          P    Oxford501   Chromosomal Resistance        APA |
 587. |            C00012768   grla          A          A          P    Oxford491   Chromosomal Resistance        APA |
 589. |            C00001109   grla          A          A          P    Oxford491   Chromosomal Resistance        APA |
 594. |            C00001188   grla          A          A          P    Oxford491   Chromosomal Resistance        APA |
 598. |            C00013224   grla          A          A          P    Oxford491   Chromosomal Resistance        APA |
      |---------------------------------------------------------------------------------------------------------------|
 602. |     H111600186-455-2   grla          A          A          P   Collindale   Chromosomal Resistance        APA |
 618. |            C00008971   grla          A          A          P    Oxford501   Chromosomal Resistance        APA |
 620. |            C00003147   grla          A          A          P    Oxford501   Chromosomal Resistance        APA |
 633. |     H113580127-202-1   grla          A          A          P   Collindale   Chromosomal Resistance        APA |
 650. |            C00003366   grla          A          A          P    Oxford501   Chromosomal Resistance        APA |
      |---------------------------------------------------------------------------------------------------------------|
 664. |            C00003347   grla          A          A          P    Oxford501   Chromosomal Resistance        APA |
 666. |            C00013373   grla          A          A          P    Oxford491   Chromosomal Resistance        APA |
 676. |            C00003280   grla          A          A          P    Oxford501   Chromosomal Resistance        APA |
 688. |            C00013171   grla          A          A          P    Oxford491   Chromosomal Resistance        APA |
 715. |            C00001157   grla          A          A          P    Oxford491   Chromosomal Resistance        APA |
      |---------------------------------------------------------------------------------------------------------------|
 758. |            C00012778   grla          A          A          P    Oxford491   Chromosomal Resistance        APA |
 778. |            C00003373   grla          A          A          P    Oxford501   Chromosomal Resistance        APA |
 793. |            C00013315   grla          A          A          P    Oxford491   Chromosomal Resistance        APA |
 803. |            C00012801   grla          A          A          P    Oxford491   Chromosomal Resistance        APA |
 810. |            C00001276   grla          A          A          P    Oxford491   Chromosomal Resistance        APA |
      |---------------------------------------------------------------------------------------------------------------|
 812. |            C00013249   grla          A          A          P    Oxford491   Chromosomal Resistance        APA |
 815. |            C00001124   grla          A          A          P    Oxford491   Chromosomal Resistance        APA |
 816. |            C00007070   grla          A          A          P    Oxford501   Chromosomal Resistance        APA |
 818. |            C00013170   grla          A          A          P    Oxford491   Chromosomal Resistance        APA |
 850. |            C00013251   grla          A          A          P    Oxford491   Chromosomal Resistance        APA |
      |---------------------------------------------------------------------------------------------------------------|
 857. |            C00001101   grla          A          A          P    Oxford491   Chromosomal Resistance        APA |
 898. |            C00013319   grla          A          A          P    Oxford491   Chromosomal Resistance        APA |
 906. |            C00003131   grla          A          A          P    Oxford501   Chromosomal Resistance        APA |
 923. |            C00001141   grla          A          A          P    Oxford491   Chromosomal Resistance        APA |
 925. |     H110740135-193-2   grla          A          A          P   Collindale   Chromosomal Resistance        APA |
      |---------------------------------------------------------------------------------------------------------------|
 935. |            C00013337   grla          A          A          P    Oxford491   Chromosomal Resistance        APA |
 941. |            C00003421   grla          A          A          P    Oxford501   Chromosomal Resistance        APA |
 944. |            C00013364   grla          A          A          P    Oxford491   Chromosomal Resistance        APA |
 981. |            C00003361   grla          A          A          P    Oxford501   Chromosomal Resistance        APA |
 983. |            C00012748   grla          A          A          P    Oxford491   Chromosomal Resistance        APA |
      |---------------------------------------------------------------------------------------------------------------|
 987. |            C00012779   grla          A          A          P    Oxford491   Chromosomal Resistance        APA |
1005. |            C00001187   grla          A          A          P    Oxford491   Chromosomal Resistance        APA |
1074. |            C00003196   grla          A          A          P    Oxford501   Chromosomal Resistance        APA |
1106. |            C00003278   grla          A          A          P    Oxford501   Chromosomal Resistance        APA |
1108. |            C00013322   grla          A          A          P    Oxford491   Chromosomal Resistance        APA |
      |---------------------------------------------------------------------------------------------------------------|
1115. |            C00012818   grla          A          A          P    Oxford491   Chromosomal Resistance        APA |
1116. |     H123860403-208-1   grla          A          A          P   Collindale   Chromosomal Resistance        APA |
1154. |            C00003364   grla          A          A          P    Oxford501   Chromosomal Resistance        APA |
1164. |            C00001105   grla          A          A          P    Oxford491   Chromosomal Resistance        APA |
1166. | H125280642-356-F10-2   grla          A          A          P   Collindale   Chromosomal Resistance        APA |
      |---------------------------------------------------------------------------------------------------------------|
1212. | RH11000056-287-A02-2   grla          A          A          P   Collindale   Chromosomal Resistance        APA |
1244. |            C00013344   grla          A          A          P    Oxford491   Chromosomal Resistance        APA |
1284. |            C00003348   grla          A          A          P    Oxford501   Chromosomal Resistance        APA |
1292. |            C00012757   grla          A          A          P    Oxford491   Chromosomal Resistance        APA |
1296. |     H113920133-128-1   grla          A          A          P   Collindale   Chromosomal Resistance        APA |
      |---------------------------------------------------------------------------------------------------------------|
1328. |            C00013320   grla          A          A          P    Oxford491   Chromosomal Resistance        APA |
1330. |            C00003181   grla          A          A          P    Oxford501   Chromosomal Resistance        APA |
1353. |            C00012803   grla          A          A          P    Oxford491   Chromosomal Resistance        APA |
1359. |            C00012751   grla          A          A          P    Oxford491   Chromosomal Resistance        APA |
      +---------------------------------------------------------------------------------------------------------------+

. cd E:\users\amy.mason\Pipeline_27_07_2016\
E:\users\amy.mason\Pipeline_27_07_2016

. 
. run clean_predict.do
