Run by AMM on 10 Aug 2016 18:58:24





================================================================================
 1 drop contaminated samples
================================================================================
10 samples contaminated
(10 observations deleted)





================================================================================
 2 Match up names from method to method
================================================================================
 match ClindDtest and Dtest

   Clind (D |
      test) |      Freq.     Percent        Cum.
------------+-----------------------------------
            |        781       56.64       56.64
        N/A |        450       32.63       89.27
        NEG |          8        0.58       89.85
   NOT DONE |         23        1.67       91.52
        POS |        117        8.48      100.00
------------+-----------------------------------
      Total |      1,379      100.00
 match Clindamycin and Clindamycindisc

Clindamycin |      Freq.     Percent        Cum.
------------+-----------------------------------
            |        893       64.76       64.76
         ND |        406       29.44       94.20
          R |         44        3.19       97.39
          S |         36        2.61      100.00
------------+-----------------------------------
      Total |      1,379      100.00
 match Penicillin and PEN

 Penicillin |      Freq.     Percent        Cum.
------------+-----------------------------------
          B |          5        0.36        0.36
         NT |          5        0.36        0.73
          R |      1,137       82.45       83.18
          S |        232       16.82      100.00
------------+-----------------------------------
      Total |      1,379      100.00
 match Methicillin and OXA

Methicillin |      Freq.     Percent        Cum.
------------+-----------------------------------
          B |         20        1.45        1.45
         NT |          6        0.44        1.89
          R |        391       28.35       30.24
          S |        962       69.76      100.00
------------+-----------------------------------
      Total |      1,379      100.00
 match Ciprofloxacin and CIP

Ciprofloxac |
         in |      Freq.     Percent        Cum.
------------+-----------------------------------
          B |         21        1.52        1.52
         NT |          6        0.44        1.96
          R |        316       22.92       24.87
          S |      1,036       75.13      100.00
------------+-----------------------------------
      Total |      1,379      100.00
 match Clindamycin and CLI

Clindamycin |      Freq.     Percent        Cum.
------------+-----------------------------------
            |        501       36.33       36.33
          B |          2        0.15       36.48
         ND |        406       29.44       65.92
         NT |          6        0.44       66.35
          R |         68        4.93       71.28
          S |        396       28.72      100.00
------------+-----------------------------------
      Total |      1,379      100.00
 match Erythromycin and ERY

Erythromyci |
          n |      Freq.     Percent        Cum.
------------+-----------------------------------
          B |          1        0.07        0.07
         NT |          6        0.44        0.51
          R |        348       25.24       25.74
          S |      1,024       74.26      100.00
------------+-----------------------------------
      Total |      1,379      100.00
 match Tetracycline and TET

Tetracyclin |
          e |      Freq.     Percent        Cum.
------------+-----------------------------------
          B |          1        0.07        0.07
         NT |          6        0.44        0.51
          R |        118        8.56        9.06
          S |      1,254       90.94      100.00
------------+-----------------------------------
      Total |      1,379      100.00
 match Fusidicacid and FUS

    Fusidic |
       acid |      Freq.     Percent        Cum.
------------+-----------------------------------
         NT |          6        0.44        0.44
          R |        162       11.75       12.18
          S |      1,211       87.82      100.00
------------+-----------------------------------
      Total |      1,379      100.00
 match Gentamicin and GEN

 Gentamicin |      Freq.     Percent        Cum.
------------+-----------------------------------
         NT |          6        0.44        0.44
          R |         94        6.82        7.25
          S |      1,279       92.75      100.00
------------+-----------------------------------
      Total |      1,379      100.00
 match Rifampicin and RIF

 Rifampicin |      Freq.     Percent        Cum.
------------+-----------------------------------
          B |          1        0.07        0.07
         NT |          6        0.44        0.51
          R |         25        1.81        2.32
          S |      1,347       97.68      100.00
------------+-----------------------------------
      Total |      1,379      100.00
 match Trimethoprim and TMP

Trimethopri |
          m |      Freq.     Percent        Cum.
------------+-----------------------------------
            |        178       12.91       12.91
          B |          5        0.36       13.27
         ND |        286       20.74       34.01
         NT |        240       17.40       51.41
          R |         43        3.12       54.53
          S |        627       45.47      100.00
------------+-----------------------------------
      Total |      1,379      100.00
 match Vancomycin and VAN

 Vancomycin |      Freq.     Percent        Cum.
------------+-----------------------------------
         NT |          6        0.44        0.44
          S |      1,373       99.56      100.00
------------+-----------------------------------
      Total |      1,379      100.00
 match Mupirocin and MUP

  Mupirocin |      Freq.     Percent        Cum.
------------+-----------------------------------
            |        323       23.42       23.42
          I |         24        1.74       25.16
         NT |         11        0.80       25.96
          R |          6        0.44       26.40
          S |      1,015       73.60      100.00
------------+-----------------------------------
      Total |      1,379      100.00





================================================================================
 2 Use PCR/Array to interpret phenotypes
================================================================================
based on entero pcr/array

        SEA |      Freq.     Percent        Cum.
------------+-----------------------------------
            |      1,132       82.09       82.09
         NT |        187       13.56       95.65
          R |         40        2.90       98.55
          S |         20        1.45      100.00
------------+-----------------------------------
      Total |      1,379      100.00

        SEB |      Freq.     Percent        Cum.
------------+-----------------------------------
            |      1,151       83.47       83.47
         NT |        187       13.56       97.03
          R |         21        1.52       98.55
          S |         20        1.45      100.00
------------+-----------------------------------
      Total |      1,379      100.00

        SEC |      Freq.     Percent        Cum.
------------+-----------------------------------
            |      1,144       82.96       82.96
         NT |        187       13.56       96.52
          R |         28        2.03       98.55
          S |         20        1.45      100.00
------------+-----------------------------------
      Total |      1,379      100.00

        SED |      Freq.     Percent        Cum.
------------+-----------------------------------
            |      1,156       83.83       83.83
         NT |        187       13.56       97.39
          R |         16        1.16       98.55
          S |         20        1.45      100.00
------------+-----------------------------------
      Total |      1,379      100.00

        SEE |      Freq.     Percent        Cum.
------------+-----------------------------------
            |      1,169       84.77       84.77
         NT |        187       13.56       98.33
          R |          3        0.22       98.55
          S |         20        1.45      100.00
------------+-----------------------------------
      Total |      1,379      100.00

        SEG |      Freq.     Percent        Cum.
------------+-----------------------------------
            |      1,095       79.41       79.41
         NT |        187       13.56       92.97
          R |         77        5.58       98.55
          S |         20        1.45      100.00
------------+-----------------------------------
      Total |      1,379      100.00

        SEH |      Freq.     Percent        Cum.
------------+-----------------------------------
            |      1,146       83.10       83.10
         NT |        187       13.56       96.66
          R |         26        1.89       98.55
          S |         20        1.45      100.00
------------+-----------------------------------
      Total |      1,379      100.00

        SEI |      Freq.     Percent        Cum.
------------+-----------------------------------
            |      1,096       79.48       79.48
         NT |        187       13.56       93.04
          R |         76        5.51       98.55
          S |         20        1.45      100.00
------------+-----------------------------------
      Total |      1,379      100.00

        SEJ |      Freq.     Percent        Cum.
------------+-----------------------------------
            |      1,152       83.54       83.54
         NT |        187       13.56       97.10
          R |         20        1.45       98.55
          S |         20        1.45      100.00
------------+-----------------------------------
      Total |      1,379      100.00

       SELR |      Freq.     Percent        Cum.
------------+-----------------------------------
            |      1,172       84.99       84.99
         NT |        187       13.56       98.55
          S |         20        1.45      100.00
------------+-----------------------------------
      Total |      1,379      100.00

        SEP |      Freq.     Percent        Cum.
------------+-----------------------------------
            |      1,172       84.99       84.99
         NT |        187       13.56       98.55
          S |         20        1.45      100.00
------------+-----------------------------------
      Total |      1,379      100.00

        SEU |      Freq.     Percent        Cum.
------------+-----------------------------------
            |      1,151       83.47       83.47
         NT |        187       13.56       97.03
          R |         21        1.52       98.55
          S |         20        1.45      100.00
------------+-----------------------------------
      Total |      1,379      100.00
based on exfol_pcr/ array

        ETA |      Freq.     Percent        Cum.
------------+-----------------------------------
            |      1,139       82.60       82.60
         NT |        186       13.49       96.08
          R |         18        1.31       97.39
          S |         36        2.61      100.00
------------+-----------------------------------
      Total |      1,379      100.00

        ETB |      Freq.     Percent        Cum.
------------+-----------------------------------
            |      1,154       83.68       83.68
         NT |        186       13.49       97.17
          R |          3        0.22       97.39
          S |         36        2.61      100.00
------------+-----------------------------------
      Total |      1,379      100.00

        ETD |      Freq.     Percent        Cum.
------------+-----------------------------------
            |      1,144       82.96       82.96
         NT |        186       13.49       96.45
          R |         13        0.94       97.39
          S |         36        2.61      100.00
------------+-----------------------------------
      Total |      1,379      100.00
based on tst pcr/array

      TSST1 |      Freq.     Percent        Cum.
------------+-----------------------------------
            |        987       71.57       71.57
         NT |        185       13.42       84.99
          R |         22        1.60       86.58
          S |        185       13.42      100.00
------------+-----------------------------------
      Total |      1,379      100.00
based on PVL pcr and array

        PVL |      Freq.     Percent        Cum.
------------+-----------------------------------
            |        987       71.57       71.57
         NT |         58        4.21       75.78
          R |         95        6.89       82.67
          S |        239       17.33      100.00
------------+-----------------------------------
      Total |      1,379      100.00
based on MecA pcr

       MECA |      Freq.     Percent        Cum.
------------+-----------------------------------
            |        987       71.57       71.57
         NT |         64        4.64       76.21
          R |        151       10.95       87.16
          S |        177       12.84      100.00
------------+-----------------------------------
      Total |      1,379      100.00
based on MecC pcr

       MECC |      Freq.     Percent        Cum.
------------+-----------------------------------
            |        987       71.57       71.57
         NT |        224       16.24       87.82
          R |         13        0.94       88.76
          S |        155       11.24      100.00
------------+-----------------------------------
      Total |      1,379      100.00





================================================================================
2 reduce variation in notation from method to method
================================================================================
Penicillin
5 values are in list ND, NT, LOW COV, MIXED, N/A, NOT DONE, replacing with NA
5 reported as B; replace with I for consistancy between methods 
0 entirely missing values; replace with -
final version

 Penicillin |      Freq.     Percent        Cum.
------------+-----------------------------------
          I |          5        0.36        0.36
         NA |          5        0.36        0.73
          R |      1,137       82.45       83.18
          S |        232       16.82      100.00
------------+-----------------------------------
      Total |      1,379      100.00
Methicillin
6 values are in list ND, NT, LOW COV, MIXED, N/A, NOT DONE, replacing with NA
20 reported as B; replace with I for consistancy between methods 
0 entirely missing values; replace with -
final version

Methicillin |      Freq.     Percent        Cum.
------------+-----------------------------------
          I |         20        1.45        1.45
         NA |          6        0.44        1.89
          R |        391       28.35       30.24
          S |        962       69.76      100.00
------------+-----------------------------------
      Total |      1,379      100.00
Ciprofloxacin
6 values are in list ND, NT, LOW COV, MIXED, N/A, NOT DONE, replacing with NA
21 reported as B; replace with I for consistancy between methods 
0 entirely missing values; replace with -
final version

Ciprofloxac |
         in |      Freq.     Percent        Cum.
------------+-----------------------------------
          I |         21        1.52        1.52
         NA |          6        0.44        1.96
          R |        316       22.92       24.87
          S |      1,036       75.13      100.00
------------+-----------------------------------
      Total |      1,379      100.00
Erythromycin
6 values are in list ND, NT, LOW COV, MIXED, N/A, NOT DONE, replacing with NA
1 reported as B; replace with I for consistancy between methods 
0 entirely missing values; replace with -
final version

Erythromyci |
          n |      Freq.     Percent        Cum.
------------+-----------------------------------
          I |          1        0.07        0.07
         NA |          6        0.44        0.51
          R |        348       25.24       25.74
          S |      1,024       74.26      100.00
------------+-----------------------------------
      Total |      1,379      100.00
Clindamycin
412 values are in list ND, NT, LOW COV, MIXED, N/A, NOT DONE, replacing with NA
2 reported as B; replace with I for consistancy between methods 
501 entirely missing values; replace with -
final version

Clindamycin |      Freq.     Percent        Cum.
------------+-----------------------------------
          - |        501       36.33       36.33
          I |          2        0.15       36.48
         NA |        412       29.88       66.35
          R |         68        4.93       71.28
          S |        396       28.72      100.00
------------+-----------------------------------
      Total |      1,379      100.00
Tetracycline
6 values are in list ND, NT, LOW COV, MIXED, N/A, NOT DONE, replacing with NA
1 reported as B; replace with I for consistancy between methods 
0 entirely missing values; replace with -
final version

Tetracyclin |
          e |      Freq.     Percent        Cum.
------------+-----------------------------------
          I |          1        0.07        0.07
         NA |          6        0.44        0.51
          R |        118        8.56        9.06
          S |      1,254       90.94      100.00
------------+-----------------------------------
      Total |      1,379      100.00
Fusidicacid
6 values are in list ND, NT, LOW COV, MIXED, N/A, NOT DONE, replacing with NA
0 reported as B; replace with I for consistancy between methods 
0 entirely missing values; replace with -
final version

    Fusidic |
       acid |      Freq.     Percent        Cum.
------------+-----------------------------------
         NA |          6        0.44        0.44
          R |        162       11.75       12.18
          S |      1,211       87.82      100.00
------------+-----------------------------------
      Total |      1,379      100.00
Gentamicin
6 values are in list ND, NT, LOW COV, MIXED, N/A, NOT DONE, replacing with NA
0 reported as B; replace with I for consistancy between methods 
0 entirely missing values; replace with -
final version

 Gentamicin |      Freq.     Percent        Cum.
------------+-----------------------------------
         NA |          6        0.44        0.44
          R |         94        6.82        7.25
          S |      1,279       92.75      100.00
------------+-----------------------------------
      Total |      1,379      100.00
Rifampicin
6 values are in list ND, NT, LOW COV, MIXED, N/A, NOT DONE, replacing with NA
1 reported as B; replace with I for consistancy between methods 
0 entirely missing values; replace with -
final version

 Rifampicin |      Freq.     Percent        Cum.
------------+-----------------------------------
          I |          1        0.07        0.07
         NA |          6        0.44        0.51
          R |         25        1.81        2.32
          S |      1,347       97.68      100.00
------------+-----------------------------------
      Total |      1,379      100.00
Trimethoprim
526 values are in list ND, NT, LOW COV, MIXED, N/A, NOT DONE, replacing with NA
5 reported as B; replace with I for consistancy between methods 
178 entirely missing values; replace with -
final version

Trimethopri |
          m |      Freq.     Percent        Cum.
------------+-----------------------------------
          - |        178       12.91       12.91
          I |          5        0.36       13.27
         NA |        526       38.14       51.41
          R |         43        3.12       54.53
          S |        627       45.47      100.00
------------+-----------------------------------
      Total |      1,379      100.00
Vancomycin
6 values are in list ND, NT, LOW COV, MIXED, N/A, NOT DONE, replacing with NA
0 reported as B; replace with I for consistancy between methods 
0 entirely missing values; replace with -
final version

 Vancomycin |      Freq.     Percent        Cum.
------------+-----------------------------------
         NA |          6        0.44        0.44
          S |      1,373       99.56      100.00
------------+-----------------------------------
      Total |      1,379      100.00
Mupirocin
11 values are in list ND, NT, LOW COV, MIXED, N/A, NOT DONE, replacing with NA
0 reported as B; replace with I for consistancy between methods 
323 entirely missing values; replace with -
final version

  Mupirocin |      Freq.     Percent        Cum.
------------+-----------------------------------
          - |        323       23.42       23.42
          I |         24        1.74       25.16
         NA |         11        0.80       25.96
          R |          6        0.44       26.40
          S |      1,015       73.60      100.00
------------+-----------------------------------
      Total |      1,379      100.00
ClindDtest
473 values are in list ND, NT, LOW COV, MIXED, N/A, NOT DONE, replacing with NA
0 reported as B; replace with I for consistancy between methods 
781 entirely missing values; replace with -
final version

   Clind (D |
      test) |      Freq.     Percent        Cum.
------------+-----------------------------------
          - |        781       56.64       56.64
         NA |        473       34.30       90.94
        NEG |          8        0.58       91.52
        POS |        117        8.48      100.00
------------+-----------------------------------
      Total |      1,379      100.00
SEA
187 values are in list ND, NT, LOW COV, MIXED, N/A, NOT DONE, replacing with NA
0 reported as B; replace with I for consistancy between methods 
1132 entirely missing values; replace with -
final version

        SEA |      Freq.     Percent        Cum.
------------+-----------------------------------
          - |      1,132       82.09       82.09
         NA |        187       13.56       95.65
          R |         40        2.90       98.55
          S |         20        1.45      100.00
------------+-----------------------------------
      Total |      1,379      100.00
SEB
187 values are in list ND, NT, LOW COV, MIXED, N/A, NOT DONE, replacing with NA
0 reported as B; replace with I for consistancy between methods 
1151 entirely missing values; replace with -
final version

        SEB |      Freq.     Percent        Cum.
------------+-----------------------------------
          - |      1,151       83.47       83.47
         NA |        187       13.56       97.03
          R |         21        1.52       98.55
          S |         20        1.45      100.00
------------+-----------------------------------
      Total |      1,379      100.00
SEC
187 values are in list ND, NT, LOW COV, MIXED, N/A, NOT DONE, replacing with NA
0 reported as B; replace with I for consistancy between methods 
1144 entirely missing values; replace with -
final version

        SEC |      Freq.     Percent        Cum.
------------+-----------------------------------
          - |      1,144       82.96       82.96
         NA |        187       13.56       96.52
          R |         28        2.03       98.55
          S |         20        1.45      100.00
------------+-----------------------------------
      Total |      1,379      100.00
SED
187 values are in list ND, NT, LOW COV, MIXED, N/A, NOT DONE, replacing with NA
0 reported as B; replace with I for consistancy between methods 
1156 entirely missing values; replace with -
final version

        SED |      Freq.     Percent        Cum.
------------+-----------------------------------
          - |      1,156       83.83       83.83
         NA |        187       13.56       97.39
          R |         16        1.16       98.55
          S |         20        1.45      100.00
------------+-----------------------------------
      Total |      1,379      100.00
SEE
187 values are in list ND, NT, LOW COV, MIXED, N/A, NOT DONE, replacing with NA
0 reported as B; replace with I for consistancy between methods 
1169 entirely missing values; replace with -
final version

        SEE |      Freq.     Percent        Cum.
------------+-----------------------------------
          - |      1,169       84.77       84.77
         NA |        187       13.56       98.33
          R |          3        0.22       98.55
          S |         20        1.45      100.00
------------+-----------------------------------
      Total |      1,379      100.00
SEG
187 values are in list ND, NT, LOW COV, MIXED, N/A, NOT DONE, replacing with NA
0 reported as B; replace with I for consistancy between methods 
1095 entirely missing values; replace with -
final version

        SEG |      Freq.     Percent        Cum.
------------+-----------------------------------
          - |      1,095       79.41       79.41
         NA |        187       13.56       92.97
          R |         77        5.58       98.55
          S |         20        1.45      100.00
------------+-----------------------------------
      Total |      1,379      100.00
SEH
187 values are in list ND, NT, LOW COV, MIXED, N/A, NOT DONE, replacing with NA
0 reported as B; replace with I for consistancy between methods 
1146 entirely missing values; replace with -
final version

        SEH |      Freq.     Percent        Cum.
------------+-----------------------------------
          - |      1,146       83.10       83.10
         NA |        187       13.56       96.66
          R |         26        1.89       98.55
          S |         20        1.45      100.00
------------+-----------------------------------
      Total |      1,379      100.00
SEI
187 values are in list ND, NT, LOW COV, MIXED, N/A, NOT DONE, replacing with NA
0 reported as B; replace with I for consistancy between methods 
1096 entirely missing values; replace with -
final version

        SEI |      Freq.     Percent        Cum.
------------+-----------------------------------
          - |      1,096       79.48       79.48
         NA |        187       13.56       93.04
          R |         76        5.51       98.55
          S |         20        1.45      100.00
------------+-----------------------------------
      Total |      1,379      100.00
SEJ
187 values are in list ND, NT, LOW COV, MIXED, N/A, NOT DONE, replacing with NA
0 reported as B; replace with I for consistancy between methods 
1152 entirely missing values; replace with -
final version

        SEJ |      Freq.     Percent        Cum.
------------+-----------------------------------
          - |      1,152       83.54       83.54
         NA |        187       13.56       97.10
          R |         20        1.45       98.55
          S |         20        1.45      100.00
------------+-----------------------------------
      Total |      1,379      100.00
SELR
187 values are in list ND, NT, LOW COV, MIXED, N/A, NOT DONE, replacing with NA
0 reported as B; replace with I for consistancy between methods 
1172 entirely missing values; replace with -
final version

       SELR |      Freq.     Percent        Cum.
------------+-----------------------------------
          - |      1,172       84.99       84.99
         NA |        187       13.56       98.55
          S |         20        1.45      100.00
------------+-----------------------------------
      Total |      1,379      100.00
SEP
187 values are in list ND, NT, LOW COV, MIXED, N/A, NOT DONE, replacing with NA
0 reported as B; replace with I for consistancy between methods 
1172 entirely missing values; replace with -
final version

        SEP |      Freq.     Percent        Cum.
------------+-----------------------------------
          - |      1,172       84.99       84.99
         NA |        187       13.56       98.55
          S |         20        1.45      100.00
------------+-----------------------------------
      Total |      1,379      100.00
SEU
187 values are in list ND, NT, LOW COV, MIXED, N/A, NOT DONE, replacing with NA
0 reported as B; replace with I for consistancy between methods 
1151 entirely missing values; replace with -
final version

        SEU |      Freq.     Percent        Cum.
------------+-----------------------------------
          - |      1,151       83.47       83.47
         NA |        187       13.56       97.03
          R |         21        1.52       98.55
          S |         20        1.45      100.00
------------+-----------------------------------
      Total |      1,379      100.00
ETA
186 values are in list ND, NT, LOW COV, MIXED, N/A, NOT DONE, replacing with NA
0 reported as B; replace with I for consistancy between methods 
1139 entirely missing values; replace with -
final version

        ETA |      Freq.     Percent        Cum.
------------+-----------------------------------
          - |      1,139       82.60       82.60
         NA |        186       13.49       96.08
          R |         18        1.31       97.39
          S |         36        2.61      100.00
------------+-----------------------------------
      Total |      1,379      100.00
ETB
186 values are in list ND, NT, LOW COV, MIXED, N/A, NOT DONE, replacing with NA
0 reported as B; replace with I for consistancy between methods 
1154 entirely missing values; replace with -
final version

        ETB |      Freq.     Percent        Cum.
------------+-----------------------------------
          - |      1,154       83.68       83.68
         NA |        186       13.49       97.17
          R |          3        0.22       97.39
          S |         36        2.61      100.00
------------+-----------------------------------
      Total |      1,379      100.00
ETD
186 values are in list ND, NT, LOW COV, MIXED, N/A, NOT DONE, replacing with NA
0 reported as B; replace with I for consistancy between methods 
1144 entirely missing values; replace with -
final version

        ETD |      Freq.     Percent        Cum.
------------+-----------------------------------
          - |      1,144       82.96       82.96
         NA |        186       13.49       96.45
          R |         13        0.94       97.39
          S |         36        2.61      100.00
------------+-----------------------------------
      Total |      1,379      100.00
TSST1
185 values are in list ND, NT, LOW COV, MIXED, N/A, NOT DONE, replacing with NA
0 reported as B; replace with I for consistancy between methods 
987 entirely missing values; replace with -
final version

      TSST1 |      Freq.     Percent        Cum.
------------+-----------------------------------
          - |        987       71.57       71.57
         NA |        185       13.42       84.99
          R |         22        1.60       86.58
          S |        185       13.42      100.00
------------+-----------------------------------
      Total |      1,379      100.00
PVL
58 values are in list ND, NT, LOW COV, MIXED, N/A, NOT DONE, replacing with NA
0 reported as B; replace with I for consistancy between methods 
987 entirely missing values; replace with -
final version

        PVL |      Freq.     Percent        Cum.
------------+-----------------------------------
          - |        987       71.57       71.57
         NA |         58        4.21       75.78
          R |         95        6.89       82.67
          S |        239       17.33      100.00
------------+-----------------------------------
      Total |      1,379      100.00
MECA
64 values are in list ND, NT, LOW COV, MIXED, N/A, NOT DONE, replacing with NA
0 reported as B; replace with I for consistancy between methods 
987 entirely missing values; replace with -
final version

       MECA |      Freq.     Percent        Cum.
------------+-----------------------------------
          - |        987       71.57       71.57
         NA |         64        4.64       76.21
          R |        151       10.95       87.16
          S |        177       12.84      100.00
------------+-----------------------------------
      Total |      1,379      100.00
MECC
224 values are in list ND, NT, LOW COV, MIXED, N/A, NOT DONE, replacing with NA
0 reported as B; replace with I for consistancy between methods 
987 entirely missing values; replace with -
final version

       MECC |      Freq.     Percent        Cum.
------------+-----------------------------------
          - |        987       71.57       71.57
         NA |        224       16.24       87.82
          R |         13        0.94       88.76
          S |        155       11.24      100.00
------------+-----------------------------------
      Total |      1,379      100.00





================================================================================
3   use D-test to fix clindamycin test results
================================================================================
117 clinddtest results are positive when clindamycin results = S -> replace clindamycin test with R
SAVE: one record per sample with gold standard profile
SAVE: one record per sample-site with gold standard profile
. 
. cd E:\users\amy.mason\Pipeline_27_07_2016\
E:\users\amy.mason\Pipeline_27_07_2016

. 
. run clean_predict.do
