----------------------------------------------------------------------------------------------------------------------------------
      name:  <unnamed>
       log:  E:\users\amy.mason\Pipeline_27_07_2016\mykrobe_prob.log
  log type:  text
 opened on:   6 Oct 2016, 17:04:24

. noi di "Run by AMM on $S_DATE $S_TIME"
Run by AMM on  6 Oct 2016 17:04:24

. cd E:\users\amy.mason\Pipeline_27_07_2016\Datasets
E:\users\amy.mason\Pipeline_27_07_2016\Datasets

. 
. * create list of mykrobe disagreements for Phelim
. 
. use anti_panel_all, clear

. 
. keep if valueall=="rsr" | valueall == "srs"
(16,180 observations deleted)

. noi di _N "sample- antibiotic predictions where mykrobe disgrees with typewriter and genefinder"
368sample- antibiotic predictions where mykrobe disgrees with typewriter and genefinder

. 
. noi bysort valuezam: tab site gold 

----------------------------------------------------------------------------------------------------------------------------------
-> valuezam = r

              |                      goldstandard
         site |         -          I         NA          R          S |     Total
--------------+-------------------------------------------------------+----------
  clindamycin |        18          0          2          0          5 |        25 
 erythromycin |         0          0          0          0         23 |        23 
  fusidicacid |         0          0          0          3          4 |         7 
   gentamicin |         0          0          0          1          2 |         3 
  methicillin |         0          1          0          1          7 |         9 
   penicillin |         0          0          0          2          6 |         8 
 tetracycline |         0          0          0          0         16 |        16 
 trimethoprim |         0          0          3          0          0 |         3 
--------------+-------------------------------------------------------+----------
        Total |        18          1          5          7         63 |        94 


----------------------------------------------------------------------------------------------------------------------------------
-> valuezam = s

              |                goldstandard
         site |         -         NA          R          S |     Total
--------------+--------------------------------------------+----------
ciprofloxacin |         0          0          7          0 |         7 
  fusidicacid |         0          0         51          4 |        55 
   penicillin |         0          0        152          4 |       156 
   rifampicin |         0          0         17          0 |        17 
 trimethoprim |        17         12          9          1 |        39 
--------------+--------------------------------------------+----------
        Total |        17         12        236          9 |       274 



. noi tab set

        set |      Freq.     Percent        Cum.
------------+-----------------------------------
 Collindale |        109       29.62       29.62
  Oxford491 |        114       30.98       60.60
  Oxford501 |        145       39.40      100.00
------------+-----------------------------------
      Total |        368      100.00

.  export excel using "E:\users\amy.mason\Pipeline_27_07_2016\Excel_Outputs\Mykrobe_disagreements.xls", replace firstrow(variables
> )
file E:\users\amy.mason\Pipeline_27_07_2016\Excel_Outputs\Mykrobe_disagreements.xls saved

. 
.  **********
.  * why is ciprofloxin not more of a problem - because most of the samples that are "PAP" for gyla are "PPP" for grla (207/212)
.  
. use pipeline_clean_all_values_wide, clear

.  keep if ValueAll=="APA" | ValueAll=="PAP"
(115,974 observations deleted)

. 
.   export excel using "E:\users\amy.mason\Pipeline_27_07_2016\Excel_Outputs\Mykrobe_site_disagreements.xls", replace firstrow(var
> iables)
file E:\users\amy.mason\Pipeline_27_07_2016\Excel_Outputs\Mykrobe_site_disagreements.xls saved

. 
.  
.  noi di  _N "site-results where mykrobe disgrees with typewriter and genefinder"
1241site-results where mykrobe disgrees with typewriter and genefinder

. noi bysort valuez: tab site

----------------------------------------------------------------------------------------------------------------------------------
-> valuezam = A

          site |      Freq.     Percent        Cum.
---------------+-----------------------------------
          blaz |        347       37.72       37.72
          ccrb |          5        0.54       38.26
          dfrb |         39        4.24       42.50
          fusa |         57        6.20       48.70
          grla |          7        0.76       49.46
          gyra |        212       23.04       72.50
          rpob |         17        1.85       74.35
           seg |          2        0.22       74.57
           sei |        224       24.35       98.91
           seu |         10        1.09      100.00
---------------+-----------------------------------
         Total |        920      100.00

----------------------------------------------------------------------------------------------------------------------------------
-> valuezam = P

          site |      Freq.     Percent        Cum.
---------------+-----------------------------------
      aac6aph2 |          3        0.93        0.93
    aaddaph4ia |          6        1.87        2.80
    aadeant6ia |         30        9.35       12.15
        ant9ia |          5        1.56       13.71
  apha3aph3iii |          1        0.31       14.02
          arca |          1        0.31       14.33
          arcb |          1        0.31       14.64
          arcc |          1        0.31       14.95
          arcd |          1        0.31       15.26
          blaz |         10        3.12       18.38
          ccra |          7        2.18       20.56
          ccrb |          4        1.25       21.81
         ccrca |          4        1.25       23.05
         ccrcb |         21        6.54       29.60
         ccrcc |         18        5.61       35.20
           cfr |          1        0.31       35.51
           chp |          8        2.49       38.01
          dfra |          5        1.56       39.56
          dfrc |          2        0.62       40.19
          dfrg |          1        0.31       40.50
          erma |          5        1.56       42.06
          ermb |          1        0.31       42.37
          ermc |         26        8.10       50.47
           eta |          4        1.25       51.71
           etb |          2        0.62       52.34
           etd |          3        0.93       53.27
          fusb |          4        1.25       54.52
          fusc |          3        0.93       55.45
          lnub |          1        0.31       55.76
        lukpvf |          4        1.25       57.01
        lukpvs |          3        0.93       57.94
          meca |         11        3.43       61.37
          mecc |          1        0.31       61.68
          mphc |          1        0.31       61.99
          msra |          2        0.62       62.62
          qaca |          5        1.56       64.17
          qacb |          6        1.87       66.04
       qaccsmr |         16        4.98       71.03
           sak |          9        2.80       73.83
          sasx |          2        0.62       74.45
          sat4 |          3        0.93       75.39
           scn |          4        1.25       76.64
           sea |          7        2.18       78.82
           seb |          2        0.62       79.44
           sec |          3        0.93       80.37
           sed |          3        0.93       81.31
           see |          1        0.31       81.62
           seg |         13        4.05       85.67
           seh |          3        0.93       86.60
           sei |          6        1.87       88.47
           sej |          3        0.93       89.41
          selr |          2        0.62       90.03
           sep |          3        0.93       90.97
           seu |          4        1.25       92.21
          tetk |         14        4.36       96.57
          tetl |          1        0.31       96.88
          tetm |          1        0.31       97.20
         tsst1 |          9        2.80      100.00
---------------+-----------------------------------
         Total |        321      100.00


. 
. noi bysort site: tab sample ValueAll

----------------------------------------------------------------------------------------------------------------------------------
-> site = aac6aph2

                     |  ValueAll
           Sample_id |       APA |     Total
---------------------+-----------+----------
    H114720434-145-1 |         1 |         1 
    H121320081-505-1 |         1 |         1 
    RH11000301-155-1 |         1 |         1 
---------------------+-----------+----------
               Total |         3 |         3 


----------------------------------------------------------------------------------------------------------------------------------
-> site = aaddaph4ia

                     |  ValueAll
           Sample_id |       APA |     Total
---------------------+-----------+----------
           C00001446 |         1 |         1 
           C00003152 |         1 |         1 
           C00007082 |         1 |         1 
           C00007091 |         1 |         1 
           C00008638 |         1 |         1 
    RH11000301-155-1 |         1 |         1 
---------------------+-----------+----------
               Total |         6 |         6 


----------------------------------------------------------------------------------------------------------------------------------
-> site = aadeant6ia

                     |  ValueAll
           Sample_id |       APA |     Total
---------------------+-----------+----------
           C00003221 |         1 |         1 
           C00007083 |         1 |         1 
           C00012738 |         1 |         1 
 H082600495-244-F0-2 |         1 |         1 
    H092520302-216-1 |         1 |         1 
    H101580214-176-2 |         1 |         1 
H103560109-371-E12-2 |         1 |         1 
    H104080090-443-2 |         1 |         1 
H105040039-373-G12-2 |         1 |         1 
    H110820268-195-2 |         1 |         1 
    H111640001-197-2 |         1 |         1 
    H113640215-127-2 |         1 |         1 
    H113640238-143-1 |         1 |         1 
H114140657-280-B01-2 |         1 |         1 
    H114160352-129-1 |         1 |         1 
H124420844-355-E10-2 |         1 |         1 
 H125000105-229-G0-2 |         1 |         1 
    H125000105-833-2 |         1 |         1 
    H133000236-626-1 |         1 |         1 
    H133020301-629-1 |         1 |         1 
    H133120386-618-1 |         1 |         1 
    H133300151-657-1 |         1 |         1 
    H133520197-646-1 |         1 |         1 
    H133580080-596-1 |         1 |         1 
    H133720214-574-1 |         1 |         1 
    H133720215-575-1 |         1 |         1 
    H133860126-577-1 |         1 |         1 
    H133960276-571-1 |         1 |         1 
RH11000090-289-C02-2 |         1 |         1 
RH12000340-301-G03-2 |         1 |         1 
---------------------+-----------+----------
               Total |        30 |        30 


----------------------------------------------------------------------------------------------------------------------------------
-> site = ant9ia

                     |  ValueAll
           Sample_id |       APA |     Total
---------------------+-----------+----------
           C00001446 |         1 |         1 
           C00007082 |         1 |         1 
 H120420116-223-A0-2 |         1 |         1 
 H120600058-224-B0-2 |         1 |         1 
    H132540570-419-2 |         1 |         1 
---------------------+-----------+----------
               Total |         5 |         5 


----------------------------------------------------------------------------------------------------------------------------------
-> site = apha3aph3iii

                     |  ValueAll
           Sample_id |       APA |     Total
---------------------+-----------+----------
           C00003385 |         1 |         1 
---------------------+-----------+----------
               Total |         1 |         1 


----------------------------------------------------------------------------------------------------------------------------------
-> site = arca

                     |  ValueAll
           Sample_id |       APA |     Total
---------------------+-----------+----------
    RH10000448-161-1 |         1 |         1 
---------------------+-----------+----------
               Total |         1 |         1 


----------------------------------------------------------------------------------------------------------------------------------
-> site = arcb

                     |  ValueAll
           Sample_id |       APA |     Total
---------------------+-----------+----------
    RH10000448-161-1 |         1 |         1 
---------------------+-----------+----------
               Total |         1 |         1 


----------------------------------------------------------------------------------------------------------------------------------
-> site = arcc

                     |  ValueAll
           Sample_id |       APA |     Total
---------------------+-----------+----------
    RH10000448-161-1 |         1 |         1 
---------------------+-----------+----------
               Total |         1 |         1 


----------------------------------------------------------------------------------------------------------------------------------
-> site = arcd

                     |  ValueAll
           Sample_id |       APA |     Total
---------------------+-----------+----------
    RH10000448-161-1 |         1 |         1 
---------------------+-----------+----------
               Total |         1 |         1 


----------------------------------------------------------------------------------------------------------------------------------
-> site = blaz

                     |       ValueAll
           Sample_id |       APA        PAP |     Total
---------------------+----------------------+----------
           C00000784 |         0          1 |         1 
           C00000788 |         0          1 |         1 
           C00000795 |         0          1 |         1 
           C00000796 |         0          1 |         1 
           C00000799 |         0          1 |         1 
           C00000805 |         0          1 |         1 
           C00000806 |         0          1 |         1 
           C00000814 |         0          1 |         1 
           C00000819 |         0          1 |         1 
           C00000825 |         0          1 |         1 
           C00000827 |         0          1 |         1 
           C00000830 |         0          1 |         1 
           C00000834 |         0          1 |         1 
           C00000837 |         0          1 |         1 
           C00000839 |         0          1 |         1 
           C00000845 |         0          1 |         1 
           C00000846 |         0          1 |         1 
           C00000848 |         0          1 |         1 
           C00000849 |         0          1 |         1 
           C00000851 |         0          1 |         1 
           C00000852 |         0          1 |         1 
           C00000857 |         0          1 |         1 
           C00000860 |         0          1 |         1 
           C00001108 |         0          1 |         1 
           C00001110 |         0          1 |         1 
           C00001113 |         0          1 |         1 
           C00001124 |         0          1 |         1 
           C00001130 |         0          1 |         1 
           C00001132 |         0          1 |         1 
           C00001139 |         0          1 |         1 
           C00001146 |         0          1 |         1 
           C00001150 |         0          1 |         1 
           C00001152 |         0          1 |         1 
           C00001153 |         0          1 |         1 
           C00001157 |         0          1 |         1 
           C00001189 |         0          1 |         1 
           C00001190 |         0          1 |         1 
           C00001191 |         0          1 |         1 
           C00001192 |         0          1 |         1 
           C00001193 |         0          1 |         1 
           C00001194 |         0          1 |         1 
           C00001219 |         0          1 |         1 
           C00001220 |         0          1 |         1 
           C00001221 |         0          1 |         1 
           C00001222 |         0          1 |         1 
           C00001223 |         0          1 |         1 
           C00001224 |         0          1 |         1 
           C00001225 |         0          1 |         1 
           C00001226 |         0          1 |         1 
           C00001227 |         0          1 |         1 
           C00001228 |         0          1 |         1 
           C00001230 |         0          1 |         1 
           C00001231 |         0          1 |         1 
           C00001232 |         0          1 |         1 
           C00001233 |         0          1 |         1 
           C00001234 |         0          1 |         1 
           C00001235 |         0          1 |         1 
           C00001236 |         0          1 |         1 
           C00001237 |         0          1 |         1 
           C00001238 |         0          1 |         1 
           C00001239 |         0          1 |         1 
           C00001240 |         0          1 |         1 
           C00001255 |         0          1 |         1 
           C00001274 |         0          1 |         1 
           C00001280 |         0          1 |         1 
           C00001282 |         0          1 |         1 
           C00001386 |         0          1 |         1 
           C00001388 |         0          1 |         1 
           C00001397 |         0          1 |         1 
           C00001399 |         0          1 |         1 
           C00001400 |         0          1 |         1 
           C00001401 |         0          1 |         1 
           C00001453 |         0          1 |         1 
           C00002623 |         0          1 |         1 
           C00002624 |         0          1 |         1 
           C00002626 |         0          1 |         1 
           C00002657 |         0          1 |         1 
           C00003086 |         0          1 |         1 
           C00003093 |         0          1 |         1 
           C00003096 |         0          1 |         1 
           C00003099 |         1          0 |         1 
           C00003100 |         0          1 |         1 
           C00003103 |         0          1 |         1 
           C00003107 |         0          1 |         1 
           C00003111 |         0          1 |         1 
           C00003114 |         0          1 |         1 
           C00003125 |         0          1 |         1 
           C00003127 |         0          1 |         1 
           C00003128 |         0          1 |         1 
           C00003130 |         0          1 |         1 
           C00003132 |         0          1 |         1 
           C00003133 |         0          1 |         1 
           C00003137 |         0          1 |         1 
           C00003140 |         0          1 |         1 
           C00003141 |         0          1 |         1 
           C00003142 |         0          1 |         1 
           C00003144 |         1          0 |         1 
           C00003147 |         0          1 |         1 
           C00003149 |         0          1 |         1 
           C00003151 |         0          1 |         1 
           C00003155 |         0          1 |         1 
           C00003166 |         0          1 |         1 
           C00003168 |         0          1 |         1 
           C00003174 |         0          1 |         1 
           C00003183 |         0          1 |         1 
           C00003187 |         0          1 |         1 
           C00003188 |         0          1 |         1 
           C00003191 |         0          1 |         1 
           C00003193 |         0          1 |         1 
           C00003197 |         0          1 |         1 
           C00003201 |         0          1 |         1 
           C00003203 |         0          1 |         1 
           C00003208 |         0          1 |         1 
           C00003215 |         0          1 |         1 
           C00003216 |         0          1 |         1 
           C00003218 |         0          1 |         1 
           C00003223 |         0          1 |         1 
           C00003227 |         0          1 |         1 
           C00003228 |         0          1 |         1 
           C00003235 |         0          1 |         1 
           C00003239 |         0          1 |         1 
           C00003240 |         1          0 |         1 
           C00003242 |         0          1 |         1 
           C00003247 |         0          1 |         1 
           C00003250 |         0          1 |         1 
           C00003251 |         0          1 |         1 
           C00003255 |         0          1 |         1 
           C00003263 |         0          1 |         1 
           C00003267 |         0          1 |         1 
           C00003268 |         0          1 |         1 
           C00003269 |         0          1 |         1 
           C00003271 |         0          1 |         1 
           C00003284 |         0          1 |         1 
           C00003286 |         0          1 |         1 
           C00003289 |         0          1 |         1 
           C00003290 |         0          1 |         1 
           C00003295 |         0          1 |         1 
           C00003298 |         0          1 |         1 
           C00003301 |         0          1 |         1 
           C00003302 |         0          1 |         1 
           C00003303 |         0          1 |         1 
           C00003307 |         0          1 |         1 
           C00003309 |         0          1 |         1 
           C00003312 |         0          1 |         1 
           C00003315 |         0          1 |         1 
           C00003321 |         0          1 |         1 
           C00003323 |         0          1 |         1 
           C00003330 |         0          1 |         1 
           C00003333 |         0          1 |         1 
           C00003339 |         0          1 |         1 
           C00003340 |         0          1 |         1 
           C00003343 |         0          1 |         1 
           C00003346 |         0          1 |         1 
           C00003350 |         0          1 |         1 
           C00003351 |         0          1 |         1 
           C00003354 |         0          1 |         1 
           C00003357 |         0          1 |         1 
           C00003360 |         0          1 |         1 
           C00003361 |         0          1 |         1 
           C00003362 |         0          1 |         1 
           C00003370 |         0          1 |         1 
           C00003371 |         0          1 |         1 
           C00003374 |         0          1 |         1 
           C00003379 |         0          1 |         1 
           C00003382 |         0          1 |         1 
           C00003386 |         0          1 |         1 
           C00003395 |         0          1 |         1 
           C00003399 |         0          1 |         1 
           C00003405 |         0          1 |         1 
           C00003407 |         0          1 |         1 
           C00003410 |         0          1 |         1 
           C00003411 |         0          1 |         1 
           C00003413 |         0          1 |         1 
           C00003414 |         0          1 |         1 
           C00003423 |         0          1 |         1 
           C00003425 |         0          1 |         1 
           C00007064 |         0          1 |         1 
           C00007066 |         0          1 |         1 
           C00007067 |         0          1 |         1 
           C00007070 |         0          1 |         1 
           C00007079 |         0          1 |         1 
           C00007081 |         0          1 |         1 
           C00007086 |         0          1 |         1 
           C00007089 |         0          1 |         1 
           C00007093 |         0          1 |         1 
           C00007096 |         0          1 |         1 
           C00007098 |         0          1 |         1 
           C00007106 |         0          1 |         1 
           C00007114 |         0          1 |         1 
           C00007116 |         0          1 |         1 
           C00008632 |         0          1 |         1 
           C00008970 |         0          1 |         1 
           C00008973 |         0          1 |         1 
           C00008994 |         0          1 |         1 
           C00009008 |         0          1 |         1 
           C00009018 |         0          1 |         1 
           C00009029 |         0          1 |         1 
           C00009030 |         0          1 |         1 
           C00009033 |         0          1 |         1 
           C00012740 |         0          1 |         1 
           C00012742 |         0          1 |         1 
           C00012743 |         0          1 |         1 
           C00012744 |         0          1 |         1 
           C00012749 |         1          0 |         1 
           C00012759 |         0          1 |         1 
           C00012761 |         0          1 |         1 
           C00012780 |         1          0 |         1 
           C00012782 |         0          1 |         1 
           C00012783 |         0          1 |         1 
           C00012787 |         0          1 |         1 
           C00012788 |         0          1 |         1 
           C00012789 |         0          1 |         1 
           C00012795 |         0          1 |         1 
           C00012796 |         0          1 |         1 
           C00012798 |         0          1 |         1 
           C00012799 |         0          1 |         1 
           C00012806 |         0          1 |         1 
           C00012807 |         0          1 |         1 
           C00012808 |         0          1 |         1 
           C00012810 |         0          1 |         1 
           C00012811 |         0          1 |         1 
           C00012829 |         0          1 |         1 
           C00012831 |         0          1 |         1 
           C00012833 |         0          1 |         1 
           C00013158 |         0          1 |         1 
           C00013159 |         0          1 |         1 
           C00013163 |         0          1 |         1 
           C00013164 |         0          1 |         1 
           C00013174 |         0          1 |         1 
           C00013176 |         0          1 |         1 
           C00013180 |         0          1 |         1 
           C00013181 |         0          1 |         1 
           C00013182 |         0          1 |         1 
           C00013183 |         0          1 |         1 
           C00013184 |         0          1 |         1 
           C00013190 |         0          1 |         1 
           C00013191 |         0          1 |         1 
           C00013194 |         0          1 |         1 
           C00013196 |         0          1 |         1 
           C00013201 |         0          1 |         1 
           C00013203 |         0          1 |         1 
           C00013204 |         0          1 |         1 
           C00013212 |         0          1 |         1 
           C00013217 |         0          1 |         1 
           C00013223 |         0          1 |         1 
           C00013236 |         0          1 |         1 
           C00013237 |         0          1 |         1 
           C00013238 |         0          1 |         1 
           C00013242 |         0          1 |         1 
           C00013243 |         0          1 |         1 
           C00013247 |         0          1 |         1 
           C00013250 |         0          1 |         1 
           C00013251 |         0          1 |         1 
           C00013314 |         0          1 |         1 
           C00013320 |         0          1 |         1 
           C00013324 |         0          1 |         1 
           C00013332 |         0          1 |         1 
           C00013335 |         0          1 |         1 
           C00013338 |         0          1 |         1 
           C00013339 |         0          1 |         1 
           C00013343 |         0          1 |         1 
           C00013346 |         0          1 |         1 
           C00013351 |         0          1 |         1 
           C00013358 |         0          1 |         1 
           C00013359 |         0          1 |         1 
           C00013368 |         0          1 |         1 
           C00013371 |         0          1 |         1 
           C00013373 |         0          1 |         1 
           C00013374 |         0          1 |         1 
           C00013377 |         0          1 |         1 
           C00013381 |         0          1 |         1 
           C00013396 |         0          1 |         1 
           C00013397 |         0          1 |         1 
           C00013399 |         0          1 |         1 
    H053380485-162-1 |         0          1 |         1 
H065060092-367-A12-2 |         0          1 |         1 
    H071660602-163-1 |         0          1 |         1 
H075000499-369-C12-2 |         0          1 |         1 
H082660627-370-D12-2 |         0          1 |         1 
 H092820427-242-D0-2 |         0          1 |         1 
    H100760181-170-2 |         0          1 |         1 
    H101860122-177-2 |         0          1 |         1 
    H102500043-180-2 |         0          1 |         1 
    H102940768-182-2 |         1          0 |         1 
    H103320100-186-2 |         0          1 |         1 
H104040516-329-C07-2 |         0          1 |         1 
    H104060122-187-2 |         0          1 |         1 
    H104420050-188-2 |         0          1 |         1 
    H104460171-189-2 |         0          1 |         1 
    H104600048-190-2 |         0          1 |         1 
    H110820268-195-2 |         1          0 |         1 
    H111200066-118-2 |         0          1 |         1 
    H111820165-458-2 |         0          1 |         1 
    H111960095-121-2 |         0          1 |         1 
    H112340069-463-2 |         0          1 |         1 
    H112460665-122-2 |         0          1 |         1 
    H112820061-464-2 |         0          1 |         1 
    H113020155-466-2 |         0          1 |         1 
    H113560219-469-2 |         0          1 |         1 
 H114160372-256-B1-2 |         0          1 |         1 
H114380198-338-D08-2 |         0          1 |         1 
    H114760256-484-1 |         0          1 |         1 
    H120360008-383-2 |         0          1 |         1 
H120600059-344-B09-2 |         0          1 |         1 
H120860096-346-D09-2 |         0          1 |         1 
    H121000455-532-1 |         0          1 |         1 
    H121060252-533-1 |         0          1 |         1 
    H121120051-535-1 |         0          1 |         1 
    H121300130-139-1 |         1          0 |         1 
    H121320081-505-1 |         0          1 |         1 
    H121340220-509-1 |         0          1 |         1 
H121580125-347-E09-2 |         0          1 |         1 
    H121800040-510-1 |         0          1 |         1 
    H122020138-389-2 |         0          1 |         1 
    H122140282-391-2 |         0          1 |         1 
    H122440082-511-1 |         0          1 |         1 
H122900151-350-H09-2 |         0          1 |         1 
    H122960028-515-1 |         0          1 |         1 
    H122960030-517-1 |         0          1 |         1 
    H123020176-551-1 |         0          1 |         1 
    H123020177-552-1 |         0          1 |         1 
    H123020178-553-1 |         0          1 |         1 
    H123100270-554-1 |         0          1 |         1 
    H123100271-555-1 |         0          1 |         1 
    H123120336-557-1 |         0          1 |         1 
    H123120337-556-1 |         0          1 |         1 
    H123120338-558-1 |         0          1 |         1 
    H123220266-561-1 |         0          1 |         1 
    H123320438-393-2 |         0          1 |         1 
    H123420107-133-1 |         0          1 |         1 
    H124940456-402-1 |         0          1 |         1 
H130380233-360-B11-2 |         0          1 |         1 
    H130660215-405-2 |         0          1 |         1 
    H131740193-413-2 |         0          1 |         1 
    H132920375-623-1 |         0          1 |         1 
    H133060075-630-1 |         0          1 |         1 
    H133100176-615-1 |         0          1 |         1 
    H133180031-619-1 |         0          1 |         1 
    H133180045-620-1 |         0          1 |         1 
    H133180046-621-1 |         0          1 |         1 
    H133200302-603-1 |         0          1 |         1 
    H133900439-581-1 |         0          1 |         1 
    H133920237-578-1 |         0          1 |         1 
    H133960268-568-1 |         0          1 |         1 
    H133960269-569-1 |         0          1 |         1 
RH08000015-282-D01-2 |         0          1 |         1 
    RH08000028-150-1 |         1          0 |         1 
RH08000348-362-D11-2 |         0          1 |         1 
RH08000350-363-E11-2 |         0          1 |         1 
RH08000352-364-F11-2 |         0          1 |         1 
 RH11000042-258-D1-2 |         0          1 |         1 
RH11000072-288-B02-2 |         0          1 |         1 
 RH11000388-259-E1-2 |         0          1 |         1 
RH12000349-310-H04-2 |         0          1 |         1 
    RH12000540-156-1 |         1          0 |         1 
RH12000656-365-G11-2 |         0          1 |         1 
    RH13000429-211-1 |         0          1 |         1 
---------------------+----------------------+----------
               Total |        10        347 |       357 


----------------------------------------------------------------------------------------------------------------------------------
-> site = ccra

                     |  ValueAll
           Sample_id |       APA |     Total
---------------------+-----------+----------
           C00001189 |         1 |         1 
           C00001446 |         1 |         1 
           C00003152 |         1 |         1 
    H114720434-145-1 |         1 |         1 
    H123860403-208-1 |         1 |         1 
    RH10000448-161-1 |         1 |         1 
    RH12000540-156-1 |         1 |         1 
---------------------+-----------+----------
               Total |         7 |         7 


----------------------------------------------------------------------------------------------------------------------------------
-> site = ccrb

                     |       ValueAll
           Sample_id |       APA        PAP |     Total
---------------------+----------------------+----------
           C00001189 |         1          0 |         1 
           C00003152 |         1          0 |         1 
           C00003248 |         1          0 |         1 
    H114720434-145-1 |         1          0 |         1 
    H133060079-613-1 |         0          1 |         1 
    H133240054-609-1 |         0          1 |         1 
    H133560609-593-1 |         0          1 |         1 
    H133580086-601-1 |         0          1 |         1 
    H133580087-582-1 |         0          1 |         1 
---------------------+----------------------+----------
               Total |         4          5 |         9 


----------------------------------------------------------------------------------------------------------------------------------
-> site = ccrca

                     |  ValueAll
           Sample_id |       APA |     Total
---------------------+-----------+----------
    H104600048-190-2 |         1 |         1 
    H113640238-143-1 |         1 |         1 
    H121340220-509-1 |         1 |         1 
    H133760113-576-1 |         1 |         1 
---------------------+-----------+----------
               Total |         4 |         4 


----------------------------------------------------------------------------------------------------------------------------------
-> site = ccrcb

                     |  ValueAll
           Sample_id |       APA |     Total
---------------------+-----------+----------
           C00001229 |         1 |         1 
           C00003093 |         1 |         1 
           C00003248 |         1 |         1 
    H080980484-164-1 |         1 |         1 
H114140657-280-B01-2 |         1 |         1 
    H114160352-129-1 |         1 |         1 
    H114720434-145-1 |         1 |         1 
 H120600058-224-B0-2 |         1 |         1 
    H124940430-401-1 |         1 |         1 
 H125000105-229-G0-2 |         1 |         1 
    H125000105-833-2 |         1 |         1 
    H133000236-626-1 |         1 |         1 
    H133020301-629-1 |         1 |         1 
    H133120386-618-1 |         1 |         1 
    H133300151-657-1 |         1 |         1 
    H133580080-596-1 |         1 |         1 
    H133720214-574-1 |         1 |         1 
    H133720215-575-1 |         1 |         1 
    H133860126-577-1 |         1 |         1 
    H133960276-571-1 |         1 |         1 
    RH11000301-155-1 |         1 |         1 
---------------------+-----------+----------
               Total |        21 |        21 


----------------------------------------------------------------------------------------------------------------------------------
-> site = ccrcc

                     |  ValueAll
           Sample_id |       APA |     Total
---------------------+-----------+----------
           C00001229 |         1 |         1 
           C00003248 |         1 |         1 
H114140657-280-B01-2 |         1 |         1 
    H114160352-129-1 |         1 |         1 
    H114720434-145-1 |         1 |         1 
 H120600058-224-B0-2 |         1 |         1 
 H125000105-229-G0-2 |         1 |         1 
    H125000105-833-2 |         1 |         1 
    H133000236-626-1 |         1 |         1 
    H133020301-629-1 |         1 |         1 
    H133120386-618-1 |         1 |         1 
    H133300151-657-1 |         1 |         1 
    H133580080-596-1 |         1 |         1 
    H133720214-574-1 |         1 |         1 
    H133720215-575-1 |         1 |         1 
    H133860126-577-1 |         1 |         1 
    H133960276-571-1 |         1 |         1 
    RH11000301-155-1 |         1 |         1 
---------------------+-----------+----------
               Total |        18 |        18 


----------------------------------------------------------------------------------------------------------------------------------
-> site = cfr

                     |  ValueAll
           Sample_id |       APA |     Total
---------------------+-----------+----------
    H121300130-139-1 |         1 |         1 
---------------------+-----------+----------
               Total |         1 |         1 


----------------------------------------------------------------------------------------------------------------------------------
-> site = chp

                     |  ValueAll
           Sample_id |       APA |     Total
---------------------+-----------+----------
           C00003291 |         1 |         1 
           C00003423 |         1 |         1 
           C00013233 |         1 |         1 
    H110820268-195-2 |         1 |         1 
    H113640238-143-1 |         1 |         1 
    H124720623-209-1 |         1 |         1 
    RH09000011-151-1 |         1 |         1 
    RH09000012-153-1 |         1 |         1 
---------------------+-----------+----------
               Total |         8 |         8 


----------------------------------------------------------------------------------------------------------------------------------
-> site = dfra

                     |  ValueAll
           Sample_id |       APA |     Total
---------------------+-----------+----------
    H114720434-145-1 |         1 |         1 
    H121120058-504-1 |         1 |         1 
    H121300130-139-1 |         1 |         1 
    RH10000448-161-1 |         1 |         1 
    RH11000301-155-1 |         1 |         1 
---------------------+-----------+----------
               Total |         5 |         5 


----------------------------------------------------------------------------------------------------------------------------------
-> site = dfrb

                     |  ValueAll
           Sample_id |       PAP |     Total
---------------------+-----------+----------
           C00000788 |         1 |         1 
           C00000795 |         1 |         1 
           C00000796 |         1 |         1 
           C00000799 |         1 |         1 
           C00000805 |         1 |         1 
           C00000806 |         1 |         1 
           C00000830 |         1 |         1 
           C00000849 |         1 |         1 
           C00000851 |         1 |         1 
           C00001240 |         1 |         1 
           C00001386 |         1 |         1 
           C00003151 |         1 |         1 
           C00003208 |         1 |         1 
           C00003301 |         1 |         1 
           C00003323 |         1 |         1 
           C00003356 |         1 |         1 
           C00003386 |         1 |         1 
           C00007066 |         1 |         1 
           C00007067 |         1 |         1 
           C00007079 |         1 |         1 
           C00007082 |         1 |         1 
           C00007093 |         1 |         1 
           C00008970 |         1 |         1 
           C00009018 |         1 |         1 
           C00012740 |         1 |         1 
           C00012742 |         1 |         1 
           C00012761 |         1 |         1 
           C00012801 |         1 |         1 
           C00012833 |         1 |         1 
           C00013159 |         1 |         1 
           C00013181 |         1 |         1 
           C00013194 |         1 |         1 
           C00013212 |         1 |         1 
    H092800184-166-2 |         1 |         1 
 H101740329-274-D1-2 |         1 |         1 
    H122020138-389-2 |         1 |         1 
 H125000105-229-G0-2 |         1 |         1 
    H125000105-833-2 |         1 |         1 
    H133760113-576-1 |         1 |         1 
---------------------+-----------+----------
               Total |        39 |        39 


----------------------------------------------------------------------------------------------------------------------------------
-> site = dfrc

                     |  ValueAll
           Sample_id |       APA |     Total
---------------------+-----------+----------
    H121300130-139-1 |         1 |         1 
    RH10000448-161-1 |         1 |         1 
---------------------+-----------+----------
               Total |         2 |         2 


----------------------------------------------------------------------------------------------------------------------------------
-> site = dfrg

                     |  ValueAll
           Sample_id |       APA |     Total
---------------------+-----------+----------
    H122880144-207-1 |         1 |         1 
---------------------+-----------+----------
               Total |         1 |         1 


----------------------------------------------------------------------------------------------------------------------------------
-> site = erma

                     |  ValueAll
           Sample_id |       APA |     Total
---------------------+-----------+----------
           C00003192 |         1 |         1 
           C00007082 |         1 |         1 
 H065120079-263-A1-2 |         1 |         1 
 H120420116-223-A0-2 |         1 |         1 
 H120600058-224-B0-2 |         1 |         1 
---------------------+-----------+----------
               Total |         5 |         5 


----------------------------------------------------------------------------------------------------------------------------------
-> site = ermb

                     |  ValueAll
           Sample_id |       APA |     Total
---------------------+-----------+----------
           C00003385 |         1 |         1 
---------------------+-----------+----------
               Total |         1 |         1 


----------------------------------------------------------------------------------------------------------------------------------
-> site = ermc

                     |  ValueAll
           Sample_id |       APA |     Total
---------------------+-----------+----------
           C00001387 |         1 |         1 
           C00001389 |         1 |         1 
           C00003085 |         1 |         1 
           C00003158 |         1 |         1 
           C00003195 |         1 |         1 
           C00003261 |         1 |         1 
           C00003272 |         1 |         1 
           C00003290 |         1 |         1 
           C00003292 |         1 |         1 
           C00003299 |         1 |         1 
           C00003348 |         1 |         1 
           C00003355 |         1 |         1 
           C00003358 |         1 |         1 
           C00003373 |         1 |         1 
           C00003387 |         1 |         1 
           C00003410 |         1 |         1 
           C00007070 |         1 |         1 
           C00007101 |         1 |         1 
           C00008637 |         1 |         1 
           C00012784 |         1 |         1 
           C00013165 |         1 |         1 
           C00013245 |         1 |         1 
    H111640001-197-2 |         1 |         1 
    H112000100-141-1 |         1 |         1 
    H114720434-145-1 |         1 |         1 
    H124860349-210-1 |         1 |         1 
---------------------+-----------+----------
               Total |        26 |        26 


----------------------------------------------------------------------------------------------------------------------------------
-> site = eta

                     |  ValueAll
           Sample_id |       APA |     Total
---------------------+-----------+----------
    H105020486-191-2 |         1 |         1 
    H110820268-195-2 |         1 |         1 
    H112660153-200-1 |         1 |         1 
    H122880144-207-1 |         1 |         1 
---------------------+-----------+----------
               Total |         4 |         4 


----------------------------------------------------------------------------------------------------------------------------------
-> site = etb

                     |  ValueAll
           Sample_id |       APA |     Total
---------------------+-----------+----------
           C00013318 |         1 |         1 
    H102760150-181-2 |         1 |         1 
---------------------+-----------+----------
               Total |         2 |         2 


----------------------------------------------------------------------------------------------------------------------------------
-> site = etd

                     |  ValueAll
           Sample_id |       APA |     Total
---------------------+-----------+----------
    H034660053-158-1 |         1 |         1 
    H110740135-193-2 |         1 |         1 
    H124720623-209-1 |         1 |         1 
---------------------+-----------+----------
               Total |         3 |         3 


----------------------------------------------------------------------------------------------------------------------------------
-> site = fusa

                     |  ValueAll
           Sample_id |       PAP |     Total
---------------------+-----------+----------
           C00001101 |         1 |         1 
           C00001114 |         1 |         1 
           C00001128 |         1 |         1 
           C00001164 |         1 |         1 
           C00001235 |         1 |         1 
           C00001244 |         1 |         1 
           C00003111 |         1 |         1 
           C00003130 |         1 |         1 
           C00003151 |         1 |         1 
           C00003174 |         1 |         1 
           C00003208 |         1 |         1 
           C00003350 |         1 |         1 
           C00003374 |         1 |         1 
           C00003397 |         1 |         1 
           C00003420 |         1 |         1 
           C00007096 |         1 |         1 
           C00009008 |         1 |         1 
           C00012747 |         1 |         1 
           C00012748 |         1 |         1 
           C00012777 |         1 |         1 
           C00012793 |         1 |         1 
           C00012819 |         1 |         1 
           C00013181 |         1 |         1 
           C00013194 |         1 |         1 
           C00013212 |         1 |         1 
           C00013374 |         1 |         1 
    H071680494-214-1 |         1 |         1 
 H074780626-266-D1-2 |         1 |         1 
    H084660685-165-1 |         1 |         1 
 H093620523-269-G1-2 |         1 |         1 
 H094920323-271-A1-2 |         1 |         1 
 H100180330-243-E0-2 |         1 |         1 
    H101020134-173-2 |         1 |         1 
 H101740329-274-D1-2 |         1 |         1 
 H102820334-277-G1-2 |         1 |         1 
H104380040-330-D07-2 |         1 |         1 
 H111220168-221-G0-2 |         1 |         1 
    H113140144-468-2 |         1 |         1 
    H114340058-470-2 |         1 |         1 
    H114480099-376-2 |         1 |         1 
H120620136-345-C09-2 |         1 |         1 
    H120700039-205-1 |         1 |         1 
    H124940456-402-1 |         1 |         1 
 H125000105-229-G0-2 |         1 |         1 
    H125000105-833-2 |         1 |         1 
    H131800554-414-2 |         1 |         1 
    H133000236-626-1 |         1 |         1 
    H133020301-629-1 |         1 |         1 
    H133120386-618-1 |         1 |         1 
    H133300151-657-1 |         1 |         1 
    H133580080-596-1 |         1 |         1 
    H133720214-574-1 |         1 |         1 
    H133720215-575-1 |         1 |         1 
    H133760113-576-1 |         1 |         1 
    H133760667-565-1 |         1 |         1 
    H133860126-577-1 |         1 |         1 
    H133960276-571-1 |         1 |         1 
---------------------+-----------+----------
               Total |        57 |        57 


----------------------------------------------------------------------------------------------------------------------------------
-> site = fusb

                     |  ValueAll
           Sample_id |       APA |     Total
---------------------+-----------+----------
           C00003340 |         1 |         1 
           C00013344 |         1 |         1 
    RH11000301-155-1 |         1 |         1 
 RH12000505-239-A0-2 |         1 |         1 
---------------------+-----------+----------
               Total |         4 |         4 


----------------------------------------------------------------------------------------------------------------------------------
-> site = fusc

                     |  ValueAll
           Sample_id |       APA |     Total
---------------------+-----------+----------
           C00003207 |         1 |         1 
           C00003351 |         1 |         1 
    RH08000028-150-1 |         1 |         1 
---------------------+-----------+----------
               Total |         3 |         3 


----------------------------------------------------------------------------------------------------------------------------------
-> site = grla

                     |  ValueAll
           Sample_id |       PAP |     Total
---------------------+-----------+----------
           C00000839 |         1 |         1 
           C00001399 |         1 |         1 
           C00013204 |         1 |         1 
H111960080-332-F07-2 |         1 |         1 
 H114160372-256-B1-2 |         1 |         1 
H122560310-348-F09-2 |         1 |         1 
RH11000044-286-H01-2 |         1 |         1 
---------------------+-----------+----------
               Total |         7 |         7 


----------------------------------------------------------------------------------------------------------------------------------
-> site = gyra

                     |  ValueAll
           Sample_id |       PAP |     Total
---------------------+-----------+----------
           C00000784 |         1 |         1 
           C00000788 |         1 |         1 
           C00000795 |         1 |         1 
           C00000796 |         1 |         1 
           C00000799 |         1 |         1 
           C00000805 |         1 |         1 
           C00000806 |         1 |         1 
           C00000814 |         1 |         1 
           C00000819 |         1 |         1 
           C00000825 |         1 |         1 
           C00000827 |         1 |         1 
           C00000830 |         1 |         1 
           C00000834 |         1 |         1 
           C00000837 |         1 |         1 
           C00000839 |         1 |         1 
           C00000845 |         1 |         1 
           C00000846 |         1 |         1 
           C00000848 |         1 |         1 
           C00000849 |         1 |         1 
           C00000851 |         1 |         1 
           C00000852 |         1 |         1 
           C00000857 |         1 |         1 
           C00000860 |         1 |         1 
           C00001080 |         1 |         1 
           C00001139 |         1 |         1 
           C00001219 |         1 |         1 
           C00001220 |         1 |         1 
           C00001221 |         1 |         1 
           C00001222 |         1 |         1 
           C00001223 |         1 |         1 
           C00001224 |         1 |         1 
           C00001225 |         1 |         1 
           C00001226 |         1 |         1 
           C00001227 |         1 |         1 
           C00001228 |         1 |         1 
           C00001229 |         1 |         1 
           C00001230 |         1 |         1 
           C00001231 |         1 |         1 
           C00001232 |         1 |         1 
           C00001233 |         1 |         1 
           C00001234 |         1 |         1 
           C00001235 |         1 |         1 
           C00001236 |         1 |         1 
           C00001237 |         1 |         1 
           C00001238 |         1 |         1 
           C00001239 |         1 |         1 
           C00001240 |         1 |         1 
           C00001280 |         1 |         1 
           C00001282 |         1 |         1 
           C00001386 |         1 |         1 
           C00001388 |         1 |         1 
           C00001397 |         1 |         1 
           C00001399 |         1 |         1 
           C00001400 |         1 |         1 
           C00001401 |         1 |         1 
           C00002623 |         1 |         1 
           C00002624 |         1 |         1 
           C00002626 |         1 |         1 
           C00003086 |         1 |         1 
           C00003093 |         1 |         1 
           C00003096 |         1 |         1 
           C00003100 |         1 |         1 
           C00003103 |         1 |         1 
           C00003104 |         1 |         1 
           C00003111 |         1 |         1 
           C00003125 |         1 |         1 
           C00003127 |         1 |         1 
           C00003130 |         1 |         1 
           C00003132 |         1 |         1 
           C00003133 |         1 |         1 
           C00003137 |         1 |         1 
           C00003142 |         1 |         1 
           C00003149 |         1 |         1 
           C00003151 |         1 |         1 
           C00003155 |         1 |         1 
           C00003168 |         1 |         1 
           C00003174 |         1 |         1 
           C00003183 |         1 |         1 
           C00003187 |         1 |         1 
           C00003191 |         1 |         1 
           C00003193 |         1 |         1 
           C00003201 |         1 |         1 
           C00003208 |         1 |         1 
           C00003218 |         1 |         1 
           C00003223 |         1 |         1 
           C00003235 |         1 |         1 
           C00003242 |         1 |         1 
           C00003247 |         1 |         1 
           C00003250 |         1 |         1 
           C00003268 |         1 |         1 
           C00003269 |         1 |         1 
           C00003271 |         1 |         1 
           C00003272 |         1 |         1 
           C00003284 |         1 |         1 
           C00003289 |         1 |         1 
           C00003301 |         1 |         1 
           C00003315 |         1 |         1 
           C00003320 |         1 |         1 
           C00003323 |         1 |         1 
           C00003330 |         1 |         1 
           C00003333 |         1 |         1 
           C00003339 |         1 |         1 
           C00003343 |         1 |         1 
           C00003354 |         1 |         1 
           C00003357 |         1 |         1 
           C00003360 |         1 |         1 
           C00003371 |         1 |         1 
           C00003379 |         1 |         1 
           C00003381 |         1 |         1 
           C00003382 |         1 |         1 
           C00003386 |         1 |         1 
           C00003393 |         1 |         1 
           C00003395 |         1 |         1 
           C00003405 |         1 |         1 
           C00003406 |         1 |         1 
           C00003407 |         1 |         1 
           C00003410 |         1 |         1 
           C00003411 |         1 |         1 
           C00003413 |         1 |         1 
           C00003423 |         1 |         1 
           C00007064 |         1 |         1 
           C00007066 |         1 |         1 
           C00007067 |         1 |         1 
           C00007079 |         1 |         1 
           C00007082 |         1 |         1 
           C00007083 |         1 |         1 
           C00007086 |         1 |         1 
           C00007089 |         1 |         1 
           C00007093 |         1 |         1 
           C00007096 |         1 |         1 
           C00007098 |         1 |         1 
           C00007105 |         1 |         1 
           C00007106 |         1 |         1 
           C00007114 |         1 |         1 
           C00007116 |         1 |         1 
           C00008638 |         1 |         1 
           C00008970 |         1 |         1 
           C00008994 |         1 |         1 
           C00009018 |         1 |         1 
           C00009029 |         1 |         1 
           C00012738 |         1 |         1 
           C00012740 |         1 |         1 
           C00012742 |         1 |         1 
           C00012744 |         1 |         1 
           C00012759 |         1 |         1 
           C00012761 |         1 |         1 
           C00012829 |         1 |         1 
           C00012831 |         1 |         1 
           C00012833 |         1 |         1 
           C00013159 |         1 |         1 
           C00013181 |         1 |         1 
           C00013194 |         1 |         1 
           C00013204 |         1 |         1 
           C00013212 |         1 |         1 
           C00013217 |         1 |         1 
           C00013236 |         1 |         1 
           C00013237 |         1 |         1 
           C00013247 |         1 |         1 
           C00013314 |         1 |         1 
           C00013339 |         1 |         1 
           C00013368 |         1 |         1 
           C00013381 |         1 |         1 
    H092520302-216-1 |         1 |         1 
    H104080090-443-2 |         1 |         1 
    H104420050-188-2 |         1 |         1 
H105040039-373-G12-2 |         1 |         1 
    H110520238-116-2 |         1 |         1 
    H111200066-118-2 |         1 |         1 
    H111640001-197-2 |         1 |         1 
    H111820165-458-2 |         1 |         1 
    H113020155-466-2 |         1 |         1 
    H113560219-469-2 |         1 |         1 
    H113640215-127-2 |         1 |         1 
 H114160372-256-B1-2 |         1 |         1 
H120620136-345-C09-2 |         1 |         1 
    H121000455-532-1 |         1 |         1 
    H121060252-533-1 |         1 |         1 
    H121120051-535-1 |         1 |         1 
    H121340220-509-1 |         1 |         1 
    H121800040-510-1 |         1 |         1 
    H122020138-389-2 |         1 |         1 
    H122960028-515-1 |         1 |         1 
    H122960030-517-1 |         1 |         1 
    H123020176-551-1 |         1 |         1 
    H123020177-552-1 |         1 |         1 
    H123020178-553-1 |         1 |         1 
    H123100270-554-1 |         1 |         1 
    H123100271-555-1 |         1 |         1 
    H123120336-557-1 |         1 |         1 
    H123120337-556-1 |         1 |         1 
    H123120338-558-1 |         1 |         1 
    H123220266-561-1 |         1 |         1 
    H123320438-393-2 |         1 |         1 
    H130660215-405-2 |         1 |         1 
    H132920375-623-1 |         1 |         1 
    H133060075-630-1 |         1 |         1 
    H133100176-615-1 |         1 |         1 
    H133180031-619-1 |         1 |         1 
    H133180045-620-1 |         1 |         1 
    H133180046-621-1 |         1 |         1 
    H133180047-622-1 |         1 |         1 
    H133200302-603-1 |         1 |         1 
    H133900439-581-1 |         1 |         1 
    H133920237-578-1 |         1 |         1 
    H133960268-568-1 |         1 |         1 
    H133960269-569-1 |         1 |         1 
RH11000029-284-F01-2 |         1 |         1 
RH11000035-285-G01-2 |         1 |         1 
RH11000044-286-H01-2 |         1 |         1 
 RH11000388-259-E1-2 |         1 |         1 
 RH12000004-237-G0-2 |         1 |         1 
    RH13000429-211-1 |         1 |         1 
---------------------+-----------+----------
               Total |       212 |       212 


----------------------------------------------------------------------------------------------------------------------------------
-> site = lnub

                     |  ValueAll
           Sample_id |       APA |     Total
---------------------+-----------+----------
           C00007064 |         1 |         1 
---------------------+-----------+----------
               Total |         1 |         1 


----------------------------------------------------------------------------------------------------------------------------------
-> site = lukpvf

                     |  ValueAll
           Sample_id |       APA |     Total
---------------------+-----------+----------
 H094920323-271-A1-2 |         1 |         1 
 H101120403-273-C1-2 |         1 |         1 
    H105020486-191-2 |         1 |         1 
    H122880144-207-1 |         1 |         1 
---------------------+-----------+----------
               Total |         4 |         4 


----------------------------------------------------------------------------------------------------------------------------------
-> site = lukpvs

                     |  ValueAll
           Sample_id |       APA |     Total
---------------------+-----------+----------
 H094920323-271-A1-2 |         1 |         1 
H113420072-336-B08-2 |         1 |         1 
    H122880144-207-1 |         1 |         1 
---------------------+-----------+----------
               Total |         3 |         3 


----------------------------------------------------------------------------------------------------------------------------------
-> site = meca

                     |  ValueAll
           Sample_id |       APA |     Total
---------------------+-----------+----------
           C00001189 |         1 |         1 
           C00001446 |         1 |         1 
           C00003152 |         1 |         1 
           C00003248 |         1 |         1 
           C00007110 |         1 |         1 
    H110820268-195-2 |         1 |         1 
    H114720434-145-1 |         1 |         1 
    H123860403-208-1 |         1 |         1 
    RH09000011-151-1 |         1 |         1 
    RH11000301-155-1 |         1 |         1 
    RH12000540-156-1 |         1 |         1 
---------------------+-----------+----------
               Total |        11 |        11 


----------------------------------------------------------------------------------------------------------------------------------
-> site = mecc

                     |  ValueAll
           Sample_id |       APA |     Total
---------------------+-----------+----------
    H110740137-194-2 |         1 |         1 
---------------------+-----------+----------
               Total |         1 |         1 


----------------------------------------------------------------------------------------------------------------------------------
-> site = mphc

                     |  ValueAll
           Sample_id |       APA |     Total
---------------------+-----------+----------
    H110820268-195-2 |         1 |         1 
---------------------+-----------+----------
               Total |         1 |         1 


----------------------------------------------------------------------------------------------------------------------------------
-> site = msra

                     |  ValueAll
           Sample_id |       APA |     Total
---------------------+-----------+----------
           C00003272 |         1 |         1 
    H110820268-195-2 |         1 |         1 
---------------------+-----------+----------
               Total |         2 |         2 


----------------------------------------------------------------------------------------------------------------------------------
-> site = qaca

                     |  ValueAll
           Sample_id |       APA |     Total
---------------------+-----------+----------
    H092520302-216-1 |         1 |         1 
 H101120403-273-C1-2 |         1 |         1 
 H102520268-275-E1-2 |         1 |         1 
    H121300130-139-1 |         1 |         1 
    H122880144-207-1 |         1 |         1 
---------------------+-----------+----------
               Total |         5 |         5 


----------------------------------------------------------------------------------------------------------------------------------
-> site = qacb

                     |  ValueAll
           Sample_id |       APA |     Total
---------------------+-----------+----------
    H092520302-216-1 |         1 |         1 
 H101120403-273-C1-2 |         1 |         1 
 H102520268-275-E1-2 |         1 |         1 
    H121300130-139-1 |         1 |         1 
    H122880144-207-1 |         1 |         1 
    RH11000301-155-1 |         1 |         1 
---------------------+-----------+----------
               Total |         6 |         6 


----------------------------------------------------------------------------------------------------------------------------------
-> site = qaccsmr

                     |  ValueAll
           Sample_id |       APA |     Total
---------------------+-----------+----------
           C00001229 |         1 |         1 
           C00003099 |         1 |         1 
           C00003120 |         1 |         1 
           C00003121 |         1 |         1 
           C00003130 |         1 |         1 
           C00003155 |         1 |         1 
           C00003240 |         1 |         1 
           C00003241 |         1 |         1 
           C00003306 |         1 |         1 
           C00003318 |         1 |         1 
           C00003348 |         1 |         1 
           C00008630 |         1 |         1 
           C00012784 |         1 |         1 
    H121320081-505-1 |         1 |         1 
RH12000340-301-G03-2 |         1 |         1 
    RH12000366-426-2 |         1 |         1 
---------------------+-----------+----------
               Total |        16 |        16 


----------------------------------------------------------------------------------------------------------------------------------
-> site = rpob

                     |  ValueAll
           Sample_id |       PAP |     Total
---------------------+-----------+----------
           C00003130 |         1 |         1 
           C00012761 |         1 |         1 
           C00013314 |         1 |         1 
H124420844-355-E10-2 |         1 |         1 
 H124420845-227-E0-2 |         1 |         1 
 H125000105-229-G0-2 |         1 |         1 
    H125000105-833-2 |         1 |         1 
    H133000236-626-1 |         1 |         1 
    H133020301-629-1 |         1 |         1 
    H133120386-618-1 |         1 |         1 
    H133300151-657-1 |         1 |         1 
    H133580080-596-1 |         1 |         1 
    H133720214-574-1 |         1 |         1 
    H133720215-575-1 |         1 |         1 
    H133760113-576-1 |         1 |         1 
    H133860126-577-1 |         1 |         1 
    H133960276-571-1 |         1 |         1 
---------------------+-----------+----------
               Total |        17 |        17 


----------------------------------------------------------------------------------------------------------------------------------
-> site = sak

                     |  ValueAll
           Sample_id |       APA |     Total
---------------------+-----------+----------
           C00001118 |         1 |         1 
           C00003108 |         1 |         1 
           C00003204 |         1 |         1 
           C00003248 |         1 |         1 
           C00003249 |         1 |         1 
 H101120403-273-C1-2 |         1 |         1 
    H110820268-195-2 |         1 |         1 
    H113640238-143-1 |         1 |         1 
 H120600058-224-B0-2 |         1 |         1 
---------------------+-----------+----------
               Total |         9 |         9 


----------------------------------------------------------------------------------------------------------------------------------
-> site = sasx

                     |  ValueAll
           Sample_id |       APA |     Total
---------------------+-----------+----------
    H114720434-145-1 |         1 |         1 
    RH11000301-155-1 |         1 |         1 
---------------------+-----------+----------
               Total |         2 |         2 


----------------------------------------------------------------------------------------------------------------------------------
-> site = sat4

                     |  ValueAll
           Sample_id |       APA |     Total
---------------------+-----------+----------
           C00003385 |         1 |         1 
    H104420250-444-2 |         1 |         1 
    H110820268-195-2 |         1 |         1 
---------------------+-----------+----------
               Total |         3 |         3 


----------------------------------------------------------------------------------------------------------------------------------
-> site = scn

                     |  ValueAll
           Sample_id |       APA |     Total
---------------------+-----------+----------
           C00003422 |         1 |         1 
           C00003423 |         1 |         1 
    H110820268-195-2 |         1 |         1 
    H113640238-143-1 |         1 |         1 
---------------------+-----------+----------
               Total |         4 |         4 


----------------------------------------------------------------------------------------------------------------------------------
-> site = sea

                     |  ValueAll
           Sample_id |       APA |     Total
---------------------+-----------+----------
           C00001162 |         1 |         1 
           C00008638 |         1 |         1 
           C00012749 |         1 |         1 
           C00013371 |         1 |         1 
    H113640238-143-1 |         1 |         1 
    H123860403-208-1 |         1 |         1 
    RH08000028-150-1 |         1 |         1 
---------------------+-----------+----------
               Total |         7 |         7 


----------------------------------------------------------------------------------------------------------------------------------
-> site = seb

                     |  ValueAll
           Sample_id |       APA |     Total
---------------------+-----------+----------
           C00008982 |         1 |         1 
    H122880144-207-1 |         1 |         1 
---------------------+-----------+----------
               Total |         2 |         2 


----------------------------------------------------------------------------------------------------------------------------------
-> site = sec

                     |  ValueAll
           Sample_id |       APA |     Total
---------------------+-----------+----------
           C00003299 |         1 |         1 
           C00013169 |         1 |         1 
    H113640238-143-1 |         1 |         1 
---------------------+-----------+----------
               Total |         3 |         3 


----------------------------------------------------------------------------------------------------------------------------------
-> site = sed

                     |  ValueAll
           Sample_id |       APA |     Total
---------------------+-----------+----------
           C00003088 |         1 |         1 
    H122880144-207-1 |         1 |         1 
 RH10000375-235-E0-2 |         1 |         1 
---------------------+-----------+----------
               Total |         3 |         3 


----------------------------------------------------------------------------------------------------------------------------------
-> site = see

                     |  ValueAll
           Sample_id |       APA |     Total
---------------------+-----------+----------
    H092520302-216-1 |         1 |         1 
---------------------+-----------+----------
               Total |         1 |         1 


----------------------------------------------------------------------------------------------------------------------------------
-> site = seg

                     |       ValueAll
           Sample_id |       APA        PAP |     Total
---------------------+----------------------+----------
           C00001086 |         1          0 |         1 
           C00001102 |         1          0 |         1 
           C00003152 |         1          0 |         1 
           C00003195 |         1          0 |         1 
           C00003202 |         1          0 |         1 
           C00003248 |         1          0 |         1 
           C00003272 |         1          0 |         1 
           C00003337 |         1          0 |         1 
           C00003341 |         1          0 |         1 
           C00013169 |         1          0 |         1 
    H105020486-191-2 |         1          0 |         1 
    H110820268-195-2 |         1          0 |         1 
    H114120077-144-1 |         0          1 |         1 
    H122880144-207-1 |         1          0 |         1 
    H132440092-418-2 |         0          1 |         1 
---------------------+----------------------+----------
               Total |        13          2 |        15 


----------------------------------------------------------------------------------------------------------------------------------
-> site = seh

                     |  ValueAll
           Sample_id |       APA |     Total
---------------------+-----------+----------
           C00003207 |         1 |         1 
 H120420116-223-A0-2 |         1 |         1 
    RH08000028-150-1 |         1 |         1 
---------------------+-----------+----------
               Total |         3 |         3 


----------------------------------------------------------------------------------------------------------------------------------
-> site = sei

                     |       ValueAll
           Sample_id |       APA        PAP |     Total
---------------------+----------------------+----------
           C00000787 |         0          1 |         1 
           C00000789 |         0          1 |         1 
           C00000809 |         0          1 |         1 
           C00000820 |         0          1 |         1 
           C00000831 |         0          1 |         1 
           C00000835 |         0          1 |         1 
           C00000838 |         0          1 |         1 
           C00000840 |         0          1 |         1 
           C00000847 |         0          1 |         1 
           C00000858 |         0          1 |         1 
           C00000859 |         0          1 |         1 
           C00000861 |         0          1 |         1 
           C00000862 |         0          1 |         1 
           C00000863 |         0          1 |         1 
           C00000864 |         0          1 |         1 
           C00001086 |         1          0 |         1 
           C00001089 |         0          1 |         1 
           C00001090 |         0          1 |         1 
           C00001096 |         0          1 |         1 
           C00001098 |         0          1 |         1 
           C00001100 |         0          1 |         1 
           C00001102 |         0          1 |         1 
           C00001103 |         0          1 |         1 
           C00001110 |         0          1 |         1 
           C00001115 |         0          1 |         1 
           C00001121 |         0          1 |         1 
           C00001122 |         0          1 |         1 
           C00001129 |         0          1 |         1 
           C00001135 |         0          1 |         1 
           C00001138 |         0          1 |         1 
           C00001152 |         0          1 |         1 
           C00001154 |         0          1 |         1 
           C00001155 |         0          1 |         1 
           C00001156 |         0          1 |         1 
           C00001159 |         0          1 |         1 
           C00001195 |         0          1 |         1 
           C00001196 |         0          1 |         1 
           C00001197 |         0          1 |         1 
           C00001198 |         0          1 |         1 
           C00001199 |         0          1 |         1 
           C00001200 |         0          1 |         1 
           C00001201 |         0          1 |         1 
           C00001202 |         0          1 |         1 
           C00001203 |         0          1 |         1 
           C00001204 |         0          1 |         1 
           C00001205 |         0          1 |         1 
           C00001206 |         0          1 |         1 
           C00001207 |         0          1 |         1 
           C00001208 |         0          1 |         1 
           C00001209 |         0          1 |         1 
           C00001210 |         0          1 |         1 
           C00001211 |         0          1 |         1 
           C00001212 |         0          1 |         1 
           C00001213 |         0          1 |         1 
           C00001214 |         0          1 |         1 
           C00001216 |         0          1 |         1 
           C00001217 |         0          1 |         1 
           C00001218 |         0          1 |         1 
           C00001241 |         0          1 |         1 
           C00001267 |         0          1 |         1 
           C00001270 |         0          1 |         1 
           C00001278 |         0          1 |         1 
           C00001281 |         0          1 |         1 
           C00001384 |         0          1 |         1 
           C00001385 |         0          1 |         1 
           C00001387 |         0          1 |         1 
           C00001389 |         0          1 |         1 
           C00001402 |         0          1 |         1 
           C00001404 |         0          1 |         1 
           C00001405 |         0          1 |         1 
           C00001406 |         0          1 |         1 
           C00001440 |         0          1 |         1 
           C00001442 |         0          1 |         1 
           C00001443 |         0          1 |         1 
           C00001448 |         0          1 |         1 
           C00001451 |         0          1 |         1 
           C00001452 |         0          1 |         1 
           C00002622 |         0          1 |         1 
           C00002625 |         0          1 |         1 
           C00002649 |         0          1 |         1 
           C00002652 |         0          1 |         1 
           C00002653 |         0          1 |         1 
           C00002655 |         0          1 |         1 
           C00002656 |         0          1 |         1 
           C00002658 |         0          1 |         1 
           C00002661 |         0          1 |         1 
           C00002662 |         0          1 |         1 
           C00003084 |         0          1 |         1 
           C00003089 |         0          1 |         1 
           C00003091 |         0          1 |         1 
           C00003154 |         0          1 |         1 
           C00003162 |         0          1 |         1 
           C00003169 |         0          1 |         1 
           C00003170 |         0          1 |         1 
           C00003175 |         0          1 |         1 
           C00003182 |         0          1 |         1 
           C00003189 |         0          1 |         1 
           C00003231 |         0          1 |         1 
           C00003248 |         1          0 |         1 
           C00003256 |         0          1 |         1 
           C00003276 |         0          1 |         1 
           C00003277 |         0          1 |         1 
           C00003283 |         0          1 |         1 
           C00003290 |         0          1 |         1 
           C00003310 |         0          1 |         1 
           C00003335 |         0          1 |         1 
           C00003336 |         0          1 |         1 
           C00003337 |         1          0 |         1 
           C00003355 |         0          1 |         1 
           C00003375 |         0          1 |         1 
           C00003378 |         0          1 |         1 
           C00003383 |         0          1 |         1 
           C00003399 |         0          1 |         1 
           C00003403 |         0          1 |         1 
           C00003420 |         0          1 |         1 
           C00003424 |         0          1 |         1 
           C00007065 |         0          1 |         1 
           C00007072 |         0          1 |         1 
           C00007074 |         0          1 |         1 
           C00007076 |         0          1 |         1 
           C00007077 |         0          1 |         1 
           C00007091 |         0          1 |         1 
           C00007094 |         0          1 |         1 
           C00007101 |         0          1 |         1 
           C00007107 |         0          1 |         1 
           C00007113 |         0          1 |         1 
           C00008625 |         0          1 |         1 
           C00008626 |         0          1 |         1 
           C00008627 |         0          1 |         1 
           C00008628 |         0          1 |         1 
           C00008629 |         0          1 |         1 
           C00008630 |         0          1 |         1 
           C00008632 |         0          1 |         1 
           C00008633 |         0          1 |         1 
           C00008637 |         0          1 |         1 
           C00008947 |         0          1 |         1 
           C00008948 |         0          1 |         1 
           C00008949 |         0          1 |         1 
           C00008959 |         0          1 |         1 
           C00008960 |         0          1 |         1 
           C00008972 |         0          1 |         1 
           C00008982 |         0          1 |         1 
           C00008984 |         0          1 |         1 
           C00008997 |         0          1 |         1 
           C00009006 |         0          1 |         1 
           C00009020 |         0          1 |         1 
           C00009021 |         0          1 |         1 
           C00012736 |         0          1 |         1 
           C00012737 |         0          1 |         1 
           C00012739 |         0          1 |         1 
           C00012756 |         0          1 |         1 
           C00012785 |         0          1 |         1 
           C00012786 |         0          1 |         1 
           C00012790 |         0          1 |         1 
           C00012802 |         0          1 |         1 
           C00012805 |         0          1 |         1 
           C00012812 |         0          1 |         1 
           C00012815 |         0          1 |         1 
           C00012816 |         0          1 |         1 
           C00013160 |         0          1 |         1 
           C00013161 |         0          1 |         1 
           C00013165 |         0          1 |         1 
           C00013166 |         0          1 |         1 
           C00013167 |         0          1 |         1 
           C00013168 |         0          1 |         1 
           C00013172 |         0          1 |         1 
           C00013173 |         0          1 |         1 
           C00013175 |         0          1 |         1 
           C00013189 |         0          1 |         1 
           C00013193 |         0          1 |         1 
           C00013195 |         0          1 |         1 
           C00013197 |         0          1 |         1 
           C00013198 |         0          1 |         1 
           C00013202 |         0          1 |         1 
           C00013207 |         0          1 |         1 
           C00013208 |         0          1 |         1 
           C00013209 |         0          1 |         1 
           C00013228 |         0          1 |         1 
           C00013234 |         0          1 |         1 
           C00013239 |         0          1 |         1 
           C00013240 |         0          1 |         1 
           C00013313 |         0          1 |         1 
           C00013345 |         0          1 |         1 
           C00013349 |         0          1 |         1 
           C00013361 |         0          1 |         1 
           C00013365 |         0          1 |         1 
           C00013369 |         0          1 |         1 
           C00013378 |         0          1 |         1 
           C00013380 |         0          1 |         1 
           C00013387 |         0          1 |         1 
           C00013388 |         0          1 |         1 
           C00013397 |         0          1 |         1 
           C00013398 |         0          1 |         1 
           C00013403 |         0          1 |         1 
           C00013404 |         0          1 |         1 
 H065120079-263-A1-2 |         0          1 |         1 
H075000499-369-C12-2 |         0          1 |         1 
H082660627-370-D12-2 |         0          1 |         1 
    H102380070-178-2 |         0          1 |         1 
    H102500043-180-2 |         0          1 |         1 
 H102520268-275-E1-2 |         0          1 |         1 
 H102560009-276-F1-2 |         0          1 |         1 
H102840083-328-B07-2 |         0          1 |         1 
    H103220288-184-2 |         1          0 |         1 
    H104060122-187-2 |         0          1 |         1 
    H105020486-191-2 |         1          0 |         1 
 H105140339-248-B0-2 |         0          1 |         1 
    H110640215-450-1 |         0          1 |         1 
    H111060067-117-2 |         0          1 |         1 
    H111960095-121-2 |         0          1 |         1 
    H112460665-122-2 |         0          1 |         1 
    H113140166-125-2 |         0          1 |         1 
H114140296-279-A01-2 |         0          1 |         1 
    H114760256-484-1 |         0          1 |         1 
    H114980322-488-1 |         0          1 |         1 
    H120220271-381-2 |         0          1 |         1 
    H120440759-787-2 |         0          1 |         1 
    H120840077-528-1 |         0          1 |         1 
    H121800058-132-1 |         0          1 |         1 
    H123420107-133-1 |         0          1 |         1 
    H124280296-399-1 |         0          1 |         1 
 H130500318-232-B0-2 |         0          1 |         1 
    H131740193-413-2 |         0          1 |         1 
RH11000142-293-G02-2 |         0          1 |         1 
RH12000046-298-D03-2 |         0          1 |         1 
    RH12000378-438-2 |         0          1 |         1 
    RH12000380-440-2 |         0          1 |         1 
 RH12000502-260-F1-2 |         0          1 |         1 
RH12000539-326-H06-2 |         0          1 |         1 
    RH12000540-156-1 |         1          0 |         1 
---------------------+----------------------+----------
               Total |         6        224 |       230 


----------------------------------------------------------------------------------------------------------------------------------
-> site = sej

                     |  ValueAll
           Sample_id |       APA |     Total
---------------------+-----------+----------
           C00003088 |         1 |         1 
    H122880144-207-1 |         1 |         1 
 RH10000375-235-E0-2 |         1 |         1 
---------------------+-----------+----------
               Total |         3 |         3 


----------------------------------------------------------------------------------------------------------------------------------
-> site = selr

                     |  ValueAll
           Sample_id |       APA |     Total
---------------------+-----------+----------
           C00003088 |         1 |         1 
    H122880144-207-1 |         1 |         1 
---------------------+-----------+----------
               Total |         2 |         2 


----------------------------------------------------------------------------------------------------------------------------------
-> site = sep

                     |  ValueAll
           Sample_id |       APA |     Total
---------------------+-----------+----------
    H105020486-191-2 |         1 |         1 
    RH11000301-155-1 |         1 |         1 
    RH12000540-156-1 |         1 |         1 
---------------------+-----------+----------
               Total |         3 |         3 


----------------------------------------------------------------------------------------------------------------------------------
-> site = seu

                     |       ValueAll
           Sample_id |       APA        PAP |     Total
---------------------+----------------------+----------
           C00001086 |         1          0 |         1 
           C00001111 |         0          1 |         1 
           C00001179 |         0          1 |         1 
           C00001189 |         0          1 |         1 
           C00001192 |         0          1 |         1 
           C00001194 |         0          1 |         1 
           C00003149 |         0          1 |         1 
           C00003152 |         1          0 |         1 
           C00003191 |         0          1 |         1 
           C00003395 |         0          1 |         1 
           C00013374 |         0          1 |         1 
H065060092-367-A12-2 |         0          1 |         1 
    H105020486-191-2 |         1          0 |         1 
    H122880144-207-1 |         1          0 |         1 
---------------------+----------------------+----------
               Total |         4         10 |        14 


----------------------------------------------------------------------------------------------------------------------------------
-> site = tetk

                     |  ValueAll
           Sample_id |       APA |     Total
---------------------+-----------+----------
           C00001082 |         1 |         1 
           C00003263 |         1 |         1 
           C00003291 |         1 |         1 
           C00003301 |         1 |         1 
           C00003357 |         1 |         1 
           C00003419 |         1 |         1 
           C00007065 |         1 |         1 
           C00008960 |         1 |         1 
           C00013371 |         1 |         1 
    H053380485-162-1 |         1 |         1 
 H120600058-224-B0-2 |         1 |         1 
    H121300130-139-1 |         1 |         1 
    RH10000292-140-1 |         1 |         1 
 RH12000505-239-A0-2 |         1 |         1 
---------------------+-----------+----------
               Total |        14 |        14 


----------------------------------------------------------------------------------------------------------------------------------
-> site = tetl

                     |  ValueAll
           Sample_id |       APA |     Total
---------------------+-----------+----------
           C00001229 |         1 |         1 
---------------------+-----------+----------
               Total |         1 |         1 


----------------------------------------------------------------------------------------------------------------------------------
-> site = tetm

                     |  ValueAll
           Sample_id |       APA |     Total
---------------------+-----------+----------
           C00003377 |         1 |         1 
---------------------+-----------+----------
               Total |         1 |         1 


----------------------------------------------------------------------------------------------------------------------------------
-> site = tsst1

                     |  ValueAll
           Sample_id |       APA |     Total
---------------------+-----------+----------
           C00001162 |         1 |         1 
           C00001446 |         1 |         1 
           C00003152 |         1 |         1 
           C00007082 |         1 |         1 
           C00008638 |         1 |         1 
    H113640238-143-1 |         1 |         1 
    H123860403-208-1 |         1 |         1 
    RH09000011-151-1 |         1 |         1 
    RH09000012-153-1 |         1 |         1 
---------------------+-----------+----------
               Total |         9 |         9 



. 
. keep if site=="gyra"
(1,029 observations deleted)

. keep sample

. save my_prob, replace
file my_prob.dta saved

. 
. use pipeline_clean_all_values_wide, clear

. merge m:1 sample using "my_prob", update

    Result                           # of obs.
    -----------------------------------------
    not matched                        99,195
        from master                    99,195  (_merge==1)
        from using                          0  (_merge==2)

    matched                            18,020
        not updated                    18,020  (_merge==3)
        missing updated                     0  (_merge==4)
        nonmissing conflict                 0  (_merge==5)
    -----------------------------------------

. keep if _merge==3
(99,195 observations deleted)

. 
. keep if inlist(site, "gyra","gryb", "grla", "grlb")
(17,596 observations deleted)

. 
. noi tab site ValueAll

               |       ValueAll
          site |       PAP        PPP |     Total
---------------+----------------------+----------
          grla |         5        207 |       212 
          gyra |       212          0 |       212 
---------------+----------------------+----------
         Total |       217        207 |       424 


. noi di "207/ 212 sites where myrkobe didn't identify gyra, did find grla"
207/ 212 sites where myrkobe didn't identify gyra, did find grla

. 
end of do-file

