Run by AMM on  5 Oct 2016 15:48:19





================================================================================
 1 create antibiotic resistance prediction panels
================================================================================
ciprofloxacin

ciprofloxac |
         in |      Freq.     Percent        Cum.
------------+-----------------------------------
          r |        912       22.04       22.04
          s |      3,225       77.96      100.00
------------+-----------------------------------
      Total |      4,137      100.00
erythromycin

erythromyci |
          n |      Freq.     Percent        Cum.
------------+-----------------------------------
          r |      1,097       26.52       26.52
          s |      3,040       73.48      100.00
------------+-----------------------------------
      Total |      4,137      100.00
clindamycin

clindamycin |      Freq.     Percent        Cum.
------------+-----------------------------------
          r |      1,053       25.45       25.45
          s |      3,084       74.55      100.00
------------+-----------------------------------
      Total |      4,137      100.00
fusidicacid

fusidicacid |      Freq.     Percent        Cum.
------------+-----------------------------------
          r |        411        9.93        9.93
          s |      3,726       90.07      100.00
------------+-----------------------------------
      Total |      4,137      100.00
gentamicin

 gentamicin |      Freq.     Percent        Cum.
------------+-----------------------------------
          r |        233        5.63        5.63
          s |      3,904       94.37      100.00
------------+-----------------------------------
      Total |      4,137      100.00
mupirocin

  mupirocin |      Freq.     Percent        Cum.
------------+-----------------------------------
          r |         49        1.18        1.18
          s |      4,088       98.82      100.00
------------+-----------------------------------
      Total |      4,137      100.00
penicillin

 penicillin |      Freq.     Percent        Cum.
------------+-----------------------------------
          r |      3,339       80.71       80.71
          s |        798       19.29      100.00
------------+-----------------------------------
      Total |      4,137      100.00
rifampicin

 rifampicin |      Freq.     Percent        Cum.
------------+-----------------------------------
          r |         55        1.33        1.33
          s |      4,082       98.67      100.00
------------+-----------------------------------
      Total |      4,137      100.00
tetracycline

tetracyclin |
          e |      Freq.     Percent        Cum.
------------+-----------------------------------
          r |        387        9.35        9.35
          s |      3,750       90.65      100.00
------------+-----------------------------------
      Total |      4,137      100.00
trimethoprim

trimethopri |
          m |      Freq.     Percent        Cum.
------------+-----------------------------------
          r |        498       12.04       12.04
          s |      3,639       87.96      100.00
------------+-----------------------------------
      Total |      4,137      100.00
vancomycin

 vancomycin |      Freq.     Percent        Cum.
------------+-----------------------------------
          s |      4,137      100.00      100.00
------------+-----------------------------------
      Total |      4,137      100.00
methicillin

methicillin |      Freq.     Percent        Cum.
------------+-----------------------------------
          r |      1,192       28.81       28.81
          s |      2,945       71.19      100.00
------------+-----------------------------------
      Total |      4,137      100.00
save panal
basic antibiotic prediction counts

----------------------------------------------------------------------------------------------------------------------------------
-> method = genefinder

              |         value
         site |         r          s |     Total
--------------+----------------------+----------
ciprofloxacin |       307      1,072 |     1,379 
  clindamycin |       345      1,034 |     1,379 
 erythromycin |       360      1,019 |     1,379 
  fusidicacid |       155      1,224 |     1,379 
   gentamicin |        77      1,302 |     1,379 
  methicillin |       395        984 |     1,379 
    mupirocin |        17      1,362 |     1,379 
   penicillin |     1,164        215 |     1,379 
   rifampicin |        24      1,355 |     1,379 
 tetracycline |       125      1,254 |     1,379 
 trimethoprim |       179      1,200 |     1,379 
   vancomycin |         0      1,379 |     1,379 
--------------+----------------------+----------
        Total |     3,148     13,400 |    16,548 


----------------------------------------------------------------------------------------------------------------------------------
-> method = typewriter

              |         value
         site |         r          s |     Total
--------------+----------------------+----------
ciprofloxacin |       306      1,073 |     1,379 
  clindamycin |       338      1,041 |     1,379 
 erythromycin |       354      1,025 |     1,379 
  fusidicacid |       151      1,228 |     1,379 
   gentamicin |        76      1,303 |     1,379 
  methicillin |       393        986 |     1,379 
    mupirocin |        15      1,364 |     1,379 
   penicillin |     1,161        218 |     1,379 
   rifampicin |        24      1,355 |     1,379 
 tetracycline |       121      1,258 |     1,379 
 trimethoprim |       176      1,203 |     1,379 
   vancomycin |         0      1,379 |     1,379 
--------------+----------------------+----------
        Total |     3,115     13,433 |    16,548 


----------------------------------------------------------------------------------------------------------------------------------
-> method = zam

              |         value
         site |         r          s |     Total
--------------+----------------------+----------
ciprofloxacin |       299      1,080 |     1,379 
  clindamycin |       370      1,009 |     1,379 
 erythromycin |       383        996 |     1,379 
  fusidicacid |       105      1,274 |     1,379 
   gentamicin |        80      1,299 |     1,379 
  methicillin |       404        975 |     1,379 
    mupirocin |        17      1,362 |     1,379 
   penicillin |     1,014        365 |     1,379 
   rifampicin |         7      1,372 |     1,379 
 tetracycline |       141      1,238 |     1,379 
 trimethoprim |       143      1,236 |     1,379 
   vancomycin |         0      1,379 |     1,379 
--------------+----------------------+----------
        Total |     2,963     13,585 |    16,548 



----------------------------------------------------------------------------------------------------------------------------------
-> site = ciprofloxacin

           |         value
    method |         r          s |     Total
-----------+----------------------+----------
genefinder |       307      1,072 |     1,379 
typewriter |       306      1,073 |     1,379 
       zam |       299      1,080 |     1,379 
-----------+----------------------+----------
     Total |       912      3,225 |     4,137 


----------------------------------------------------------------------------------------------------------------------------------
-> site = clindamycin

           |         value
    method |         r          s |     Total
-----------+----------------------+----------
genefinder |       345      1,034 |     1,379 
typewriter |       338      1,041 |     1,379 
       zam |       370      1,009 |     1,379 
-----------+----------------------+----------
     Total |     1,053      3,084 |     4,137 


----------------------------------------------------------------------------------------------------------------------------------
-> site = erythromycin

           |         value
    method |         r          s |     Total
-----------+----------------------+----------
genefinder |       360      1,019 |     1,379 
typewriter |       354      1,025 |     1,379 
       zam |       383        996 |     1,379 
-----------+----------------------+----------
     Total |     1,097      3,040 |     4,137 


----------------------------------------------------------------------------------------------------------------------------------
-> site = fusidicacid

           |         value
    method |         r          s |     Total
-----------+----------------------+----------
genefinder |       155      1,224 |     1,379 
typewriter |       151      1,228 |     1,379 
       zam |       105      1,274 |     1,379 
-----------+----------------------+----------
     Total |       411      3,726 |     4,137 


----------------------------------------------------------------------------------------------------------------------------------
-> site = gentamicin

           |         value
    method |         r          s |     Total
-----------+----------------------+----------
genefinder |        77      1,302 |     1,379 
typewriter |        76      1,303 |     1,379 
       zam |        80      1,299 |     1,379 
-----------+----------------------+----------
     Total |       233      3,904 |     4,137 


----------------------------------------------------------------------------------------------------------------------------------
-> site = methicillin

           |         value
    method |         r          s |     Total
-----------+----------------------+----------
genefinder |       395        984 |     1,379 
typewriter |       393        986 |     1,379 
       zam |       404        975 |     1,379 
-----------+----------------------+----------
     Total |     1,192      2,945 |     4,137 


----------------------------------------------------------------------------------------------------------------------------------
-> site = mupirocin

           |         value
    method |         r          s |     Total
-----------+----------------------+----------
genefinder |        17      1,362 |     1,379 
typewriter |        15      1,364 |     1,379 
       zam |        17      1,362 |     1,379 
-----------+----------------------+----------
     Total |        49      4,088 |     4,137 


----------------------------------------------------------------------------------------------------------------------------------
-> site = penicillin

           |         value
    method |         r          s |     Total
-----------+----------------------+----------
genefinder |     1,164        215 |     1,379 
typewriter |     1,161        218 |     1,379 
       zam |     1,014        365 |     1,379 
-----------+----------------------+----------
     Total |     3,339        798 |     4,137 


----------------------------------------------------------------------------------------------------------------------------------
-> site = rifampicin

           |         value
    method |         r          s |     Total
-----------+----------------------+----------
genefinder |        24      1,355 |     1,379 
typewriter |        24      1,355 |     1,379 
       zam |         7      1,372 |     1,379 
-----------+----------------------+----------
     Total |        55      4,082 |     4,137 


----------------------------------------------------------------------------------------------------------------------------------
-> site = tetracycline

           |         value
    method |         r          s |     Total
-----------+----------------------+----------
genefinder |       125      1,254 |     1,379 
typewriter |       121      1,258 |     1,379 
       zam |       141      1,238 |     1,379 
-----------+----------------------+----------
     Total |       387      3,750 |     4,137 


----------------------------------------------------------------------------------------------------------------------------------
-> site = trimethoprim

           |         value
    method |         r          s |     Total
-----------+----------------------+----------
genefinder |       179      1,200 |     1,379 
typewriter |       176      1,203 |     1,379 
       zam |       143      1,236 |     1,379 
-----------+----------------------+----------
     Total |       498      3,639 |     4,137 


----------------------------------------------------------------------------------------------------------------------------------
-> site = vancomycin

           |   value
    method |         s |     Total
-----------+-----------+----------
genefinder |     1,379 |     1,379 
typewriter |     1,379 |     1,379 
       zam |     1,379 |     1,379 
-----------+-----------+----------
     Total |     4,137 |     4,137 


counts differing between method: gene, type, mykrobe

   valueall |      Freq.     Percent        Cum.
------------+-----------------------------------
        sss |     13,306       80.41       80.41
        rrr |      2,841       17.17       97.58
        rsr |        274        1.66       99.23
        srs |         94        0.57       99.80
        rrs |         28        0.17       99.97
        rss |          5        0.03      100.00
------------+-----------------------------------
      Total |     16,548      100.00

              |                             valueall
         site |       rrr        rrs        rsr        rss        srs        sss |     Total
--------------+------------------------------------------------------------------+----------
ciprofloxacin |       299          0          7          1          0      1,072 |     1,379 
  clindamycin |       338          7          0          0         25      1,009 |     1,379 
 erythromycin |       354          6          0          0         23        996 |     1,379 
  fusidicacid |        96          2         55          2          7      1,217 |     1,379 
   gentamicin |        76          1          0          0          3      1,299 |     1,379 
  methicillin |       393          2          0          0          9        975 |     1,379 
    mupirocin |        15          2          0          0          0      1,362 |     1,379 
   penicillin |     1,005          1        156          2          8        207 |     1,379 
   rifampicin |         7          0         17          0          0      1,355 |     1,379 
 tetracycline |       121          4          0          0         16      1,238 |     1,379 
 trimethoprim |       137          3         39          0          3      1,197 |     1,379 
   vancomycin |         0          0          0          0          0      1,379 |     1,379 
--------------+------------------------------------------------------------------+----------
        Total |     2,841         28        274          5         94     13,306 |    16,548 






================================================================================
 1 add gold standard
================================================================================

    Result                           # of obs.
    -----------------------------------------
    not matched                             0

    matched                            16,548
        not updated                    16,548  (_merge==3)
        missing updated                     0  (_merge==4)
        nonmissing conflict                 0  (_merge==5)
    -----------------------------------------
predictive is gene, type, mykrobe

goldstanda |                             valueall
        rd |       rrr        rrs        rsr        rss        srs        sss |     Total
-----------+------------------------------------------------------------------+----------
         - |       172          3         17          0         18        792 |     1,002 
         I |         6          0          0          0          1         73 |        80 
        NA |        87          5         12          0          5        893 |     1,002 
         R |     2,487          6        236          3          7         86 |     2,825 
         S |        89         14          9          2         63     11,462 |    11,639 
-----------+------------------------------------------------------------------+----------
     Total |     2,841         28        274          5         94     13,306 |    16,548 


----------------------------------------------------------------------------------------------------------------------------------
-> goldstandard = -

              |                        valueall
         site |       rrr        rrs        rsr        srs        sss |     Total
--------------+-------------------------------------------------------+----------
  clindamycin |       133          3          0         18        347 |       501 
    mupirocin |         3          0          0          0        320 |       323 
 trimethoprim |        36          0         17          0        125 |       178 
--------------+-------------------------------------------------------+----------
        Total |       172          3         17         18        792 |     1,002 


----------------------------------------------------------------------------------------------------------------------------------
-> goldstandard = I

              |             valueall
         site |       rrr        srs        sss |     Total
--------------+---------------------------------+----------
ciprofloxacin |         1          0         20 |        21 
  clindamycin |         0          0          2 |         2 
 erythromycin |         0          0          1 |         1 
  methicillin |         4          1         15 |        20 
    mupirocin |         0          0         24 |        24 
   penicillin |         1          0          4 |         5 
   rifampicin |         0          0          1 |         1 
 tetracycline |         0          0          1 |         1 
 trimethoprim |         0          0          5 |         5 
--------------+---------------------------------+----------
        Total |         6          1         73 |        80 


----------------------------------------------------------------------------------------------------------------------------------
-> goldstandard = NA

              |                        valueall
         site |       rrr        rrs        rsr        srs        sss |     Total
--------------+-------------------------------------------------------+----------
ciprofloxacin |         0          0          0          0          6 |         6 
  clindamycin |         3          2          0          2        405 |       412 
 erythromycin |         1          0          0          0          5 |         6 
  fusidicacid |         0          0          0          0          6 |         6 
   gentamicin |         0          0          0          0          6 |         6 
  methicillin |         3          0          0          0          3 |         6 
    mupirocin |         0          0          0          0         11 |        11 
   penicillin |         4          0          0          0          1 |         5 
   rifampicin |         0          0          0          0          6 |         6 
 tetracycline |         3          0          0          0          3 |         6 
 trimethoprim |        73          3         12          3        435 |       526 
   vancomycin |         0          0          0          0          6 |         6 
--------------+-------------------------------------------------------+----------
        Total |        87          5         12          5        893 |     1,002 


----------------------------------------------------------------------------------------------------------------------------------
-> goldstandard = R

              |                             valueall
         site |       rrr        rrs        rsr        rss        srs        sss |     Total
--------------+------------------------------------------------------------------+----------
ciprofloxacin |       294          0          7          0          0         15 |       316 
  clindamycin |       180          0          0          0          0          5 |       185 
 erythromycin |       342          0          0          0          0          6 |       348 
  fusidicacid |        93          2         51          1          3         12 |       162 
   gentamicin |        73          1          0          0          1         19 |        94 
  methicillin |       381          2          0          0          1          7 |       391 
    mupirocin |         6          0          0          0          0          0 |         6 
   penicillin |       972          0        152          2          2          9 |     1,137 
   rifampicin |         6          0         17          0          0          2 |        25 
 tetracycline |       112          1          0          0          0          5 |       118 
 trimethoprim |        28          0          9          0          0          6 |        43 
--------------+------------------------------------------------------------------+----------
        Total |     2,487          6        236          3          7         86 |     2,825 


----------------------------------------------------------------------------------------------------------------------------------
-> goldstandard = S

              |                             valueall
         site |       rrr        rrs        rsr        rss        srs        sss |     Total
--------------+------------------------------------------------------------------+----------
ciprofloxacin |         4          0          0          1          0      1,031 |     1,036 
  clindamycin |        22          2          0          0          5        250 |       279 
 erythromycin |        11          6          0          0         23        984 |     1,024 
  fusidicacid |         3          0          4          1          4      1,199 |     1,211 
   gentamicin |         3          0          0          0          2      1,274 |     1,279 
  methicillin |         5          0          0          0          7        950 |       962 
    mupirocin |         6          2          0          0          0      1,007 |     1,015 
   penicillin |        28          1          4          0          6        193 |       232 
   rifampicin |         1          0          0          0          0      1,346 |     1,347 
 tetracycline |         6          3          0          0         16      1,229 |     1,254 
 trimethoprim |         0          0          1          0          0        626 |       627 
   vancomycin |         0          0          0          0          0      1,373 |     1,373 
--------------+------------------------------------------------------------------+----------
        Total |        89         14          9          2         63     11,462 |    11,639 


. 
. cd E:\users\amy.mason\Pipeline_27_07_2016\
E:\users\amy.mason\Pipeline_27_07_2016

. 
. run create_predict_viru.do
